18:24:39 **** Auto Build of project bsp_backup_standalone ****
make -k all 
Running Make include in backup_controller/libsrc/bram_v4_0/src
make -C backup_controller/libsrc/bram_v4_0/src -s include  "SHELL=/bin/sh" "COMPILER=mb-gcc" "ARCHIVER=mb-ar" "COMPILER_FLAGS= -O2 -c -mcpu=v9.4 -mhard-float -mlittle-endian -mno-xl-soft-div -mno-xl-soft-mul -mxl-barrel-shift -mxl-float-convert -mxl-float-sqrt -mxl-pattern-compare" "EXTRA_COMPILER_FLAGS=-g -ffunction-sections -fdata-sections"
Running Make include in backup_controller/libsrc/cpu_v2_2/src
make -C backup_controller/libsrc/cpu_v2_2/src -s include  "SHELL=/bin/sh" "COMPILER=mb-gcc" "ARCHIVER=mb-ar" "COMPILER_FLAGS= -O2 -c -mcpu=v9.4 -mhard-float -mlittle-endian -mno-xl-soft-div -mno-xl-soft-mul -mxl-barrel-shift -mxl-float-convert -mxl-float-sqrt -mxl-pattern-compare" "EXTRA_COMPILER_FLAGS=-g -ffunction-sections -fdata-sections"
Running Make include in backup_controller/libsrc/gpio_v4_0/src
make -C backup_controller/libsrc/gpio_v4_0/src -s include  "SHELL=/bin/sh" "COMPILER=mb-gcc" "ARCHIVER=mb-ar" "COMPILER_FLAGS= -O2 -c -mcpu=v9.4 -mhard-float -mlittle-endian -mno-xl-soft-div -mno-xl-soft-mul -mxl-barrel-shift -mxl-float-convert -mxl-float-sqrt -mxl-pattern-compare" "EXTRA_COMPILER_FLAGS=-g -ffunction-sections -fdata-sections"
Running Make include in backup_controller/libsrc/intc_v3_2/src
make -C backup_controller/libsrc/intc_v3_2/src -s include  "SHELL=/bin/sh" "COMPILER=mb-gcc" "ARCHIVER=mb-ar" "COMPILER_FLAGS= -O2 -c -mcpu=v9.4 -mhard-float -mlittle-endian -mno-xl-soft-div -mno-xl-soft-mul -mxl-barrel-shift -mxl-float-convert -mxl-float-sqrt -mxl-pattern-compare" "EXTRA_COMPILER_FLAGS=-g -ffunction-sections -fdata-sections"
Running Make include in backup_controller/libsrc/llfifo_v4_0/src
make -C backup_controller/libsrc/llfifo_v4_0/src -s include  "SHELL=/bin/sh" "COMPILER=mb-gcc" "ARCHIVER=mb-ar" "COMPILER_FLAGS= -O2 -c -mcpu=v9.4 -mhard-float -mlittle-endian -mno-xl-soft-div -mno-xl-soft-mul -mxl-barrel-shift -mxl-float-convert -mxl-float-sqrt -mxl-pattern-compare" "EXTRA_COMPILER_FLAGS=-g -ffunction-sections -fdata-sections"
Running Make include in backup_controller/libsrc/standalone_v4_2/src
make -C backup_controller/libsrc/standalone_v4_2/src -s include  "SHELL=/bin/sh" "COMPILER=mb-gcc" "ARCHIVER=mb-ar" "COMPILER_FLAGS= -O2 -c -mcpu=v9.4 -mhard-float -mlittle-endian -mno-xl-soft-div -mno-xl-soft-mul -mxl-barrel-shift -mxl-float-convert -mxl-float-sqrt -mxl-pattern-compare" "EXTRA_COMPILER_FLAGS=-g -ffunction-sections -fdata-sections"
Running Make include in backup_controller/libsrc/tmrctr_v3_0/src
make -C backup_controller/libsrc/tmrctr_v3_0/src -s include  "SHELL=/bin/sh" "COMPILER=mb-gcc" "ARCHIVER=mb-ar" "COMPILER_FLAGS= -O2 -c -mcpu=v9.4 -mhard-float -mlittle-endian -mno-xl-soft-div -mno-xl-soft-mul -mxl-barrel-shift -mxl-float-convert -mxl-float-sqrt -mxl-pattern-compare" "EXTRA_COMPILER_FLAGS=-g -ffunction-sections -fdata-sections"
Running Make libs in backup_controller/libsrc/bram_v4_0/src
make -C backup_controller/libsrc/bram_v4_0/src -s libs  "SHELL=/bin/sh" "COMPILER=mb-gcc" "ARCHIVER=mb-ar" "COMPILER_FLAGS= -O2 -c -mcpu=v9.4 -mhard-float -mlittle-endian -mno-xl-soft-div -mno-xl-soft-mul -mxl-barrel-shift -mxl-float-convert -mxl-float-sqrt -mxl-pattern-compare" "EXTRA_COMPILER_FLAGS=-g -ffunction-sections -fdata-sections"
Compiling bram
Running Make libs in backup_controller/libsrc/cpu_v2_2/src
make -C backup_controller/libsrc/cpu_v2_2/src -s libs  "SHELL=/bin/sh" "COMPILER=mb-gcc" "ARCHIVER=mb-ar" "COMPILER_FLAGS= -O2 -c -mcpu=v9.4 -mhard-float -mlittle-endian -mno-xl-soft-div -mno-xl-soft-mul -mxl-barrel-shift -mxl-float-convert -mxl-float-sqrt -mxl-pattern-compare" "EXTRA_COMPILER_FLAGS=-g -ffunction-sections -fdata-sections"
Compiling cpu
Running Make libs in backup_controller/libsrc/gpio_v4_0/src
make -C backup_controller/libsrc/gpio_v4_0/src -s libs  "SHELL=/bin/sh" "COMPILER=mb-gcc" "ARCHIVER=mb-ar" "COMPILER_FLAGS= -O2 -c -mcpu=v9.4 -mhard-float -mlittle-endian -mno-xl-soft-div -mno-xl-soft-mul -mxl-barrel-shift -mxl-float-convert -mxl-float-sqrt -mxl-pattern-compare" "EXTRA_COMPILER_FLAGS=-g -ffunction-sections -fdata-sections"
Compiling gpio
Running Make libs in backup_controller/libsrc/intc_v3_2/src
make -C backup_controller/libsrc/intc_v3_2/src -s libs  "SHELL=/bin/sh" "COMPILER=mb-gcc" "ARCHIVER=mb-ar" "COMPILER_FLAGS= -O2 -c -mcpu=v9.4 -mhard-float -mlittle-endian -mno-xl-soft-div -mno-xl-soft-mul -mxl-barrel-shift -mxl-float-convert -mxl-float-sqrt -mxl-pattern-compare" "EXTRA_COMPILER_FLAGS=-g -ffunction-sections -fdata-sections"
Compiling intc
Running Make libs in backup_controller/libsrc/llfifo_v4_0/src
make -C backup_controller/libsrc/llfifo_v4_0/src -s libs  "SHELL=/bin/sh" "COMPILER=mb-gcc" "ARCHIVER=mb-ar" "COMPILER_FLAGS= -O2 -c -mcpu=v9.4 -mhard-float -mlittle-endian -mno-xl-soft-div -mno-xl-soft-mul -mxl-barrel-shift -mxl-float-convert -mxl-float-sqrt -mxl-pattern-compare" "EXTRA_COMPILER_FLAGS=-g -ffunction-sections -fdata-sections"
Compiling llfifo
Running Make libs in backup_controller/libsrc/standalone_v4_2/src
make -C backup_controller/libsrc/standalone_v4_2/src -s libs  "SHELL=/bin/sh" "COMPILER=mb-gcc" "ARCHIVER=mb-ar" "COMPILER_FLAGS= -O2 -c -mcpu=v9.4 -mhard-float -mlittle-endian -mno-xl-soft-div -mno-xl-soft-mul -mxl-barrel-shift -mxl-float-convert -mxl-float-sqrt -mxl-pattern-compare" "EXTRA_COMPILER_FLAGS=-g -ffunction-sections -fdata-sections"
Compiling standalone
Running Make libs in backup_controller/libsrc/tmrctr_v3_0/src
make -C backup_controller/libsrc/tmrctr_v3_0/src -s libs  "SHELL=/bin/sh" "COMPILER=mb-gcc" "ARCHIVER=mb-ar" "COMPILER_FLAGS= -O2 -c -mcpu=v9.4 -mhard-float -mlittle-endian -mno-xl-soft-div -mno-xl-soft-mul -mxl-barrel-shift -mxl-float-convert -mxl-float-sqrt -mxl-pattern-compare" "EXTRA_COMPILER_FLAGS=-g -ffunction-sections -fdata-sections"
Compiling tmrctr
Finished building libraries

18:24:41 Build Finished (took 2s.31ms)

