Copyright 1986-2014 Xilinx, Inc. All Rights Reserved.
--------------------------------------------------------------------------------------------------
| Tool Version : Vivado v.2014.4 (lin64) Build 1071353 Tue Nov 18 16:47:07 MST 2014
| Date         : Wed Mar 25 16:33:18 2015
| Host         : CRS running 64-bit Ubuntu 14.04.2 LTS
| Command      : report_clock_utilization -file TAIGA_System_wrapper_clock_utilization_placed.rpt
| Design       : TAIGA_System_wrapper
| Device       : xc7z010
--------------------------------------------------------------------------------------------------

Clock Utilization Report

Table of Contents
-----------------
1. Clock Primitive Utilization
2. Details of Global Clocks
3. Details of Regional Clocks
4. Details of Multi-Regional Clocks
5. Details of I/O Clocks
6. Details of Local Clocks
7. Clock Regions : Key Resource Utilization
8. Net wise resources used in clock region X0Y0
9. Net wise resources used in clock region X1Y0
10. Net wise resources used in clock region X0Y1
11. Net wise resources used in clock region X1Y1

1. Clock Primitive Utilization
------------------------------

+-------+------+-----------+-----------+
| Type  | Used | Available | Num Fixed |
+-------+------+-----------+-----------+
| BUFG  |    3 |        32 |         0 |
| BUFH  |    0 |        48 |         0 |
| BUFIO |    0 |         8 |         0 |
| MMCM  |    0 |         2 |         0 |
| PLL   |    0 |         2 |         0 |
| BUFR  |    0 |         8 |         0 |
| BUFMR |    0 |         4 |         0 |
+-------+------+-----------+-----------+


2. Details of Global Clocks
---------------------------

+-------+-----------------------------------------------------------------------------+-----------------------------------------------------+--------------+-------+---------------+-----------+
|       |                                                                             |                                                     |   Num Loads  |       |               |           |
+-------+-----------------------------------------------------------------------------+-----------------------------------------------------+------+-------+-------+---------------+-----------+
| Index | BUFG Cell                                                                   | Net Name                                            | BELs | Sites | Fixed | MaxDelay (ns) | Skew (ns) |
+-------+-----------------------------------------------------------------------------+-----------------------------------------------------+------+-------+-------+---------------+-----------+
|     1 | TAIGA_System_i/mdm_1/U0/Ext_JTAG_UPDATE_BUFG_inst                           | TAIGA_System_i/mdm_1/U0/Ext_JTAG_UPDATE             |   52 |    27 |    no |         1.875 |     0.205 |
|     2 | TAIGA_System_i/mdm_1/U0/No_Dbg_Reg_Access.BUFG_DRCK                         | TAIGA_System_i/mdm_1/U0/Ext_JTAG_DRCK               |  375 |   141 |    no |         1.914 |     0.268 |
|     3 | TAIGA_System_i/production_controller/inst/buffer_fclk_clk_0.FCLK_CLK_0_BUFG | TAIGA_System_i/production_controller/inst/FCLK_CLK0 | 8866 |  2927 |    no |         2.475 |     0.876 |
+-------+-----------------------------------------------------------------------------+-----------------------------------------------------+------+-------+-------+---------------+-----------+


3. Details of Regional Clocks
-----------------------------

4. Details of Multi-Regional Clocks
-----------------------------------

5. Details of I/O Clocks
------------------------

6. Details of Local Clocks
--------------------------

7. Clock Regions : Key Resource Utilization
-------------------------------------------

+-------------------+--------------+--------------+--------------+--------------+--------------+--------------+--------------+--------------+--------------+--------------+--------------+--------------+--------------+--------------+--------------+
|                   | Global Clock |     BUFRs    |    BUFMRs    |    BUFIOs    |     MMCM     |      PLL     |      GT      |      PCI     |    ILOGIC    |    OLOGIC    |      FF      |     LUTM     |    RAMB18    |    RAMB36    |    DSP48E1   |
+-------------------+------+-------+------+-------+------+-------+------+-------+------+-------+------+-------+------+-------+------+-------+------+-------+------+-------+------+-------+------+-------+------+-------+------+-------+------+-------+
| Clock Region Name | Used | Avail | Used | Avail | Used | Avail | Used | Avail | Used | Avail | Used | Avail | Used | Avail | Used | Avail | Used | Avail | Used | Avail | Used | Avail | Used | Avail | Used | Avail | Used | Avail | Used | Avail |
+-------------------+------+-------+------+-------+------+-------+------+-------+------+-------+------+-------+------+-------+------+-------+------+-------+------+-------+------+-------+------+-------+------+-------+------+-------+------+-------+
| X0Y0              |    3 |    12 |    0 |     0 |    0 |     0 |    0 |     0 |    0 |     0 |    0 |     0 |    0 |     0 |    0 |     0 |    0 |     0 |    0 |     0 | 2195 |  8800 |  337 |  1600 |    0 |    20 |   10 |    10 |    0 |    20 |
| X1Y0              |    3 |    12 |    0 |     4 |    0 |     2 |    0 |     4 |    0 |     1 |    0 |     1 |    0 |     0 |    0 |     0 |    0 |    50 |    0 |    50 | 1977 |  8800 |  126 |  1400 |    0 |    40 |   19 |    20 |    5 |    20 |
| X0Y1              |    3 |    12 |    0 |     0 |    0 |     0 |    0 |     0 |    0 |     0 |    0 |     0 |    0 |     0 |    0 |     0 |    0 |     0 |    0 |     0 | 2154 |  8800 |  341 |  1600 |    0 |    20 |    6 |    10 |    0 |    20 |
| X1Y1              |    3 |    12 |    0 |     4 |    0 |     2 |    0 |     4 |    0 |     1 |    0 |     1 |    0 |     0 |    0 |     0 |    1 |    50 |    1 |    50 | 2044 |  8800 |   56 |  1400 |    4 |    40 |   11 |    20 |    5 |    20 |
+-------------------+------+-------+------+-------+------+-------+------+-------+------+-------+------+-------+------+-------+------+-------+------+-------+------+-------+------+-------+------+-------+------+-------+------+-------+------+-------+
* RAMB36 site can be used as two RAMB18/FIFO18 sites


8. Net wise resources used in clock region X0Y0
-----------------------------------------------

+-------------+-------------+-------+-----------+----------+---------+-----------+---------+---------+------+-------+----------+-----------------------------------------------------+
| Source Type | BUFHCE Site | Fixed | MMCM Pins | PLL Pins | GT Pins | BRAM Pins | ILOGICs | OLOGICs |  FFs | LUTMs | DSP48E1s |                    Clock Net Name                   |
+-------------+-------------+-------+-----------+----------+---------+-----------+---------+---------+------+-------+----------+-----------------------------------------------------+
| BUFG        |     ---     |   no  |         0 |        0 |       0 |         0 |       0 |       0 |   11 |     0 |        0 | TAIGA_System_i/mdm_1/U0/Ext_JTAG_UPDATE             |
| BUFG        |     ---     |   no  |         0 |        0 |       0 |         0 |       0 |       0 |  123 |    22 |        0 | TAIGA_System_i/mdm_1/U0/Ext_JTAG_DRCK               |
| BUFG        |     ---     |   no  |         0 |        0 |       0 |        20 |       0 |       0 | 2061 |   315 |        0 | TAIGA_System_i/production_controller/inst/FCLK_CLK0 |
+-------------+-------------+-------+-----------+----------+---------+-----------+---------+---------+------+-------+----------+-----------------------------------------------------+


9. Net wise resources used in clock region X1Y0
-----------------------------------------------

+-------------+-------------+-------+-----------+----------+---------+-----------+---------+---------+------+-------+----------+-----------------------------------------------------+
| Source Type | BUFHCE Site | Fixed | MMCM Pins | PLL Pins | GT Pins | BRAM Pins | ILOGICs | OLOGICs |  FFs | LUTMs | DSP48E1s |                    Clock Net Name                   |
+-------------+-------------+-------+-----------+----------+---------+-----------+---------+---------+------+-------+----------+-----------------------------------------------------+
| BUFG        |     ---     |   no  |         0 |        0 |       0 |         0 |       0 |       0 |   10 |     0 |        0 | TAIGA_System_i/mdm_1/U0/Ext_JTAG_UPDATE             |
| BUFG        |     ---     |   no  |         0 |        0 |       0 |         0 |       0 |       0 |   32 |     7 |        0 | TAIGA_System_i/mdm_1/U0/Ext_JTAG_DRCK               |
| BUFG        |     ---     |   no  |         0 |        0 |       0 |        38 |       0 |       0 | 1935 |   119 |        5 | TAIGA_System_i/production_controller/inst/FCLK_CLK0 |
+-------------+-------------+-------+-----------+----------+---------+-----------+---------+---------+------+-------+----------+-----------------------------------------------------+


10. Net wise resources used in clock region X0Y1
------------------------------------------------

+-------------+-------------+-------+-----------+----------+---------+-----------+---------+---------+------+-------+----------+-----------------------------------------------------+
| Source Type | BUFHCE Site | Fixed | MMCM Pins | PLL Pins | GT Pins | BRAM Pins | ILOGICs | OLOGICs |  FFs | LUTMs | DSP48E1s |                    Clock Net Name                   |
+-------------+-------------+-------+-----------+----------+---------+-----------+---------+---------+------+-------+----------+-----------------------------------------------------+
| BUFG        |     ---     |   no  |         0 |        0 |       0 |         0 |       0 |       0 |   11 |     0 |        0 | TAIGA_System_i/mdm_1/U0/Ext_JTAG_UPDATE             |
| BUFG        |     ---     |   no  |         0 |        0 |       0 |         0 |       0 |       0 |   85 |     2 |        0 | TAIGA_System_i/mdm_1/U0/Ext_JTAG_DRCK               |
| BUFG        |     ---     |   no  |         0 |        0 |       0 |        12 |       0 |       0 | 2058 |   339 |        0 | TAIGA_System_i/production_controller/inst/FCLK_CLK0 |
+-------------+-------------+-------+-----------+----------+---------+-----------+---------+---------+------+-------+----------+-----------------------------------------------------+


11. Net wise resources used in clock region X1Y1
------------------------------------------------

+-------------+-------------+-------+-----------+----------+---------+-----------+---------+---------+------+-------+----------+-----------------------------------------------------+
| Source Type | BUFHCE Site | Fixed | MMCM Pins | PLL Pins | GT Pins | BRAM Pins | ILOGICs | OLOGICs |  FFs | LUTMs | DSP48E1s |                    Clock Net Name                   |
+-------------+-------------+-------+-----------+----------+---------+-----------+---------+---------+------+-------+----------+-----------------------------------------------------+
| BUFG        |     ---     |   no  |         0 |        0 |       0 |         0 |       0 |       0 |   20 |     0 |        0 | TAIGA_System_i/mdm_1/U0/Ext_JTAG_UPDATE             |
| BUFG        |     ---     |   no  |         0 |        0 |       0 |         0 |       0 |       0 |   84 |    20 |        0 | TAIGA_System_i/mdm_1/U0/Ext_JTAG_DRCK               |
| BUFG        |     ---     |   no  |         0 |        0 |       0 |        30 |       1 |       1 | 1940 |    36 |        5 | TAIGA_System_i/production_controller/inst/FCLK_CLK0 |
+-------------+-------------+-------+-----------+----------+---------+-----------+---------+---------+------+-------+----------+-----------------------------------------------------+



# Location of BUFG Primitives 
set_property LOC BUFGCTRL_X0Y1 [get_cells TAIGA_System_i/mdm_1/U0/No_Dbg_Reg_Access.BUFG_DRCK]
set_property LOC BUFGCTRL_X0Y2 [get_cells TAIGA_System_i/mdm_1/U0/Ext_JTAG_UPDATE_BUFG_inst]
set_property LOC BUFGCTRL_X0Y0 [get_cells TAIGA_System_i/production_controller/inst/buffer_fclk_clk_0.FCLK_CLK_0_BUFG]

# Location of IO Clock Primitives

# Location of MMCM Clock Primitives

# Location of BUFH Clock Primitives

# Location of BUFR Clock Primitives

# Location of BUFMR Clock Primitives

# Location of PLL Clock Primitives

# Location of IO Primitives which is load of clock spine

# Location of clock ports

# Clock net "TAIGA_System_i/mdm_1/U0/Ext_JTAG_DRCK" driven by instance "TAIGA_System_i/mdm_1/U0/No_Dbg_Reg_Access.BUFG_DRCK" located at site "BUFGCTRL_X0Y1"
#startgroup
create_pblock CLKAG_TAIGA_System_i/mdm_1/U0/Ext_JTAG_DRCK
add_cells_to_pblock [get_pblocks  CLKAG_TAIGA_System_i/mdm_1/U0/Ext_JTAG_DRCK] [get_cells  -filter { IS_PRIMITIVE==1 && PRIMITIVE_LEVEL !=INTERNAL } -of_object [get_pins -filter {DIRECTION==IN} -of_objects [get_nets -hierarchical -filter {PARENT=="TAIGA_System_i/mdm_1/U0/Ext_JTAG_DRCK"}]]]
resize_pblock [get_pblocks CLKAG_TAIGA_System_i/mdm_1/U0/Ext_JTAG_DRCK] -add {CLOCKREGION_X0Y0:CLOCKREGION_X0Y0 CLOCKREGION_X0Y1:CLOCKREGION_X0Y1 CLOCKREGION_X1Y0:CLOCKREGION_X1Y0 CLOCKREGION_X1Y1:CLOCKREGION_X1Y1}
#endgroup

# Clock net "TAIGA_System_i/mdm_1/U0/Ext_JTAG_UPDATE" driven by instance "TAIGA_System_i/mdm_1/U0/Ext_JTAG_UPDATE_BUFG_inst" located at site "BUFGCTRL_X0Y2"
#startgroup
create_pblock CLKAG_TAIGA_System_i/mdm_1/U0/Ext_JTAG_UPDATE
add_cells_to_pblock [get_pblocks  CLKAG_TAIGA_System_i/mdm_1/U0/Ext_JTAG_UPDATE] [get_cells  -filter { IS_PRIMITIVE==1 && PRIMITIVE_LEVEL !=INTERNAL } -of_object [get_pins -filter {DIRECTION==IN} -of_objects [get_nets -hierarchical -filter {PARENT=="TAIGA_System_i/mdm_1/U0/Ext_JTAG_UPDATE"}]]]
resize_pblock [get_pblocks CLKAG_TAIGA_System_i/mdm_1/U0/Ext_JTAG_UPDATE] -add {CLOCKREGION_X0Y0:CLOCKREGION_X0Y0 CLOCKREGION_X0Y1:CLOCKREGION_X0Y1 CLOCKREGION_X1Y0:CLOCKREGION_X1Y0 CLOCKREGION_X1Y1:CLOCKREGION_X1Y1}
#endgroup

# Clock net "TAIGA_System_i/production_controller/inst/FCLK_CLK0" driven by instance "TAIGA_System_i/production_controller/inst/buffer_fclk_clk_0.FCLK_CLK_0_BUFG" located at site "BUFGCTRL_X0Y0"
#startgroup
create_pblock CLKAG_TAIGA_System_i/production_controller/inst/FCLK_CLK0
add_cells_to_pblock [get_pblocks  CLKAG_TAIGA_System_i/production_controller/inst/FCLK_CLK0] [get_cells  -filter { IS_PRIMITIVE==1 && PRIMITIVE_LEVEL !=INTERNAL } -of_object [get_pins -filter {DIRECTION==IN} -of_objects [get_nets -hierarchical -filter {PARENT=="TAIGA_System_i/production_controller/inst/FCLK_CLK0"}]]]
resize_pblock [get_pblocks CLKAG_TAIGA_System_i/production_controller/inst/FCLK_CLK0] -add {CLOCKREGION_X0Y0:CLOCKREGION_X0Y0 CLOCKREGION_X0Y1:CLOCKREGION_X0Y1 CLOCKREGION_X1Y0:CLOCKREGION_X1Y0 CLOCKREGION_X1Y1:CLOCKREGION_X1Y1}
#endgroup
