@I [HLS-0] Workspace /home/teja/Documents/TAIGA/HLS/fifo_dequeue/solution1 opened at Sun Mar 29 20:46:56 EDT 2015
@I [HLS-100] Command "config_clock -quiet -name default -period 10 -default=false "
@I [SYN-201] Setting up clock 'default' with a period of 10ns.
@I [HLS-100] Command 'config_clock' returned 0; elapsed 0.000112Total elapsed time: 0.232 sec.
@I [HLS-100] Command "open_platform DefaultPlatform "
@I [HLS-100] Command 'open_platform' returned 0; elapsed 0.000192Total elapsed time: 0.232 sec.
@I [HLS-100] Command "import_lib /opt/Xilinx/Vivado_HLS/2014.4/common/technology/xilinx/zynq/zynq "
@I [HLS-100] Command "source /opt/Xilinx/Vivado_HLS/2014.4/common/technology/xilinx/common/xilinx.lib "
@I [HLS-100] Command "source /opt/Xilinx/Vivado_HLS/2014.4/common/technology/xilinx/interface/xilinx_interface.lib "
@I [HLS-100] Command "source /opt/Xilinx/Vivado_HLS/2014.4/common/technology/xilinx/interface/plb46.lib "
@I [HLS-100] Command 'ap_source' returned 0; elapsed 0.000347Total elapsed time: 0.233 sec.
@I [HLS-100] Command "source /opt/Xilinx/Vivado_HLS/2014.4/common/technology/xilinx/interface/fsl.lib "
@I [HLS-100] Command 'ap_source' returned 0; elapsed 0.000125Total elapsed time: 0.233 sec.
@I [HLS-100] Command "source /opt/Xilinx/Vivado_HLS/2014.4/common/technology/xilinx/interface/axi4.lib "
@I [HLS-100] Command 'ap_source' returned 0; elapsed 0.000181Total elapsed time: 0.234 sec.
@I [HLS-100] Command "source /opt/Xilinx/Vivado_HLS/2014.4/common/technology/xilinx/interface/maxi.lib "
@I [HLS-100] Command 'ap_source' returned 0; elapsed 0.000162Total elapsed time: 0.234 sec.
@I [HLS-100] Command "source /opt/Xilinx/Vivado_HLS/2014.4/common/technology/xilinx/interface/saxilite.lib "
@I [HLS-100] Command 'ap_source' returned 0; elapsed 0.000108Total elapsed time: 0.234 sec.
@I [HLS-100] Command 'ap_source' returned 0; elapsed 0.001256Total elapsed time: 0.234 sec.
@I [HLS-100] Command "source /opt/Xilinx/Vivado_HLS/2014.4/common/technology/xilinx/common/dsp48.lib "
@I [HLS-100] Command 'ap_source' returned 0; elapsed 0.000101Total elapsed time: 0.234 sec.
@I [HLS-100] Command "source /opt/Xilinx/Vivado_HLS/2014.4/common/technology/xilinx/ip/xfft.lib "
@I [HLS-100] Command 'ap_source' returned 0; elapsed 0.000123Total elapsed time: 0.234 sec.
@I [HLS-100] Command "source /opt/Xilinx/Vivado_HLS/2014.4/common/technology/xilinx/ip/xfir.lib "
@I [HLS-100] Command 'ap_source' returned 0; elapsed 7.5e-05Total elapsed time: 0.235 sec.
@I [HLS-100] Command 'ap_source' returned 0; elapsed 0.003748Total elapsed time: 0.236 sec.
@I [HLS-100] Command "source /opt/Xilinx/Vivado_HLS/2014.4/common/technology/xilinx/common/xilinx_old.lib "
@I [HLS-100] Command 'ap_source' returned 0; elapsed 0.00071Total elapsed time: 0.239 sec.
@I [HLS-100] Command "source /opt/Xilinx/Vivado_HLS/2014.4/common/technology/xilinx/common/xilinx_vivado.lib "
@I [HLS-100] Command 'ap_source' returned 0; elapsed 0.000416Total elapsed time: 0.239 sec.
@I [HLS-100] Command "source /opt/Xilinx/Vivado_HLS/2014.4/common/technology/xilinx/common/xilinx.hlp "
@I [HLS-100] Command "source /opt/Xilinx/Vivado_HLS/2014.4/common/technology/xilinx/common/target_info.tcl "
@I [HLS-100] Command 'ap_source' returned 0; elapsed 0.000124Total elapsed time: 0.241 sec.
@I [HLS-100] Command "source /opt/Xilinx/Vivado_HLS/2014.4/common/technology/xilinx/interface/xilinx_interface.hlp "
@I [HLS-100] Command "source /opt/Xilinx/Vivado_HLS/2014.4/common/technology/xilinx/interface/maxi.hlp "
@I [HLS-100] Command 'ap_source' returned 0; elapsed 8.6e-05Total elapsed time: 0.242 sec.
@I [HLS-100] Command "source /opt/Xilinx/Vivado_HLS/2014.4/common/technology/xilinx/interface/saxilite.hlp "
@I [HLS-100] Command 'ap_source' returned 0; elapsed 7.9e-05Total elapsed time: 0.242 sec.
@I [HLS-100] Command 'ap_source' returned 0; elapsed 0.000294Total elapsed time: 0.242 sec.
@I [HLS-100] Command "source /opt/Xilinx/Vivado_HLS/2014.4/common/technology/xilinx/common/dsp48.hlp "
@I [HLS-100] Command 'ap_source' returned 0; elapsed 0.000312Total elapsed time: 0.242 sec.
@I [HLS-100] Command 'ap_source' returned 0; elapsed 0.001591Total elapsed time: 0.243 sec.
@I [HLS-100] Command "source /opt/Xilinx/Vivado_HLS/2014.4/common/technology/xilinx/zynq/dsp48e1.hlp "
@I [HLS-100] Command 'ap_source' returned 0; elapsed 7.7e-05Total elapsed time: 0.243 sec.
@I [HLS-100] Command "get_default_platform "
@I [HLS-100] Command 'get_default_platform' returned 0; elapsed 3.2e-05Total elapsed time: 0.243 sec.
@I [HLS-100] Command "config_chip_info -quiet -resource  {SLICE 13300}  {LUT 53200}     {FF 106400} {DSP48E 220}   {BRAM 280}  "
@I [HLS-100] Command 'config_chip_info' returned 0; elapsed 1.7e-05Total elapsed time: 0.243 sec.
@I [HLS-100] Command "config_chip_info -quiet -speed medium "
@I [HLS-100] Command 'config_chip_info' returned 0; elapsed 4e-06Total elapsed time: 0.243 sec.
@I [HLS-100] Command 'import_lib' returned 0; elapsed 0.011856Total elapsed time: 0.244 sec.
@I [HLS-100] Command "source /opt/Xilinx/Vivado_HLS/2014.4/common/technology/xilinx/zynq/zynq.gen "
@I [HLS-100] Command "source /opt/Xilinx/Vivado_HLS/2014.4/common/technology/xilinx/common/virtex.gen "
@I [HLS-100] Command "source /opt/Xilinx/Vivado_HLS/2014.4/common/technology/xilinx/common/xilinx.gen "
@I [HLS-100] Command "source /opt/Xilinx/Vivado_HLS/2014.4/common/technology/xilinx/interface/plb46.gen "
@I [HLS-100] Command 'ap_source' returned 0; elapsed 0.000963Total elapsed time: 0.246 sec.
@I [HLS-100] Command "source /opt/Xilinx/Vivado_HLS/2014.4/common/technology/xilinx/interface/fsl.gen "
@I [HLS-100] Command 'ap_source' returned 0; elapsed 0.000358Total elapsed time: 0.246 sec.
@I [HLS-100] Command "source /opt/Xilinx/Vivado_HLS/2014.4/common/technology/xilinx/interface/axi4.gen "
@I [HLS-100] Command 'ap_source' returned 0; elapsed 0.001749Total elapsed time: 0.248 sec.
@I [HLS-100] Command "source /opt/Xilinx/Vivado_HLS/2014.4/common/technology/xilinx/interface/nativeAXI4.gen "
@I [HLS-100] Command "source /opt/Xilinx/Vivado_HLS/2014.4/common/technology/xilinx/interface/saxilite.gen "
@I [HLS-100] Command 'ap_source' returned 0; elapsed 0.002618Total elapsed time: 0.251 sec.
@I [HLS-100] Command "source /opt/Xilinx/Vivado_HLS/2014.4/common/technology/xilinx/interface/maxi.gen "
@I [HLS-100] Command 'ap_source' returned 0; elapsed 0.005959Total elapsed time: 0.257 sec.
@I [HLS-100] Command 'ap_source' returned 0; elapsed 0.008717Total elapsed time: 0.257 sec.
@I [HLS-100] Command "source /opt/Xilinx/Vivado_HLS/2014.4/common/technology/xilinx/scripts/xilinxcoregen.gen "
@I [HLS-100] Command 'ap_source' returned 0; elapsed 0.00699Total elapsed time: 0.264 sec.
@I [HLS-100] Command "source /opt/Xilinx/Vivado_HLS/2014.4/common/technology/xilinx/interface/XilEDKCoreGen.gen "
@I [HLS-100] Command 'ap_source' returned 0; elapsed 0.007132Total elapsed time: 0.271 sec.
@I [HLS-100] Command "source /opt/Xilinx/Vivado_HLS/2014.4/common/technology/xilinx/ip/xfft.gen "
@I [HLS-100] Command 'ap_source' returned 0; elapsed 0.106323Total elapsed time: 0.377 sec.
@I [HLS-100] Command "source /opt/Xilinx/Vivado_HLS/2014.4/common/technology/xilinx/ip/xfir.gen "
@I [HLS-100] Command "source /opt/Xilinx/Vivado_HLS/2014.4/tps/tcl/tcllib1.11.1/struct/list.tcl "
@I [HLS-100] Command "source /opt/Xilinx/Vivado_HLS/2014.4/tps/tcl/tcllib1.11.1/cmdline/cmdline.tcl "
@I [HLS-100] Command 'ap_source' returned 0; elapsed 0.000628Total elapsed time: 0.391 sec.
@I [HLS-100] Command 'ap_source' returned 0; elapsed 0.001449Total elapsed time: 0.392 sec.
@I [HLS-100] Command "source /opt/Xilinx/Vivado_HLS/2014.4/tps/tcl/tcllib1.11.1/math/bignum.tcl "
@I [HLS-100] Command 'ap_source' returned 0; elapsed 0.00054Total elapsed time: 0.396 sec.
@I [HLS-100] Command 'ap_source' returned 0; elapsed 0.025672Total elapsed time: 0.403 sec.
@I [HLS-100] Command "source /opt/Xilinx/Vivado_HLS/2014.4/common/technology/xilinx/ip/util.gen "
@I [HLS-100] Command 'ap_source' returned 0; elapsed 0.00011Total elapsed time: 0.403 sec.
@I [HLS-100] Command 'ap_source' returned 0; elapsed 0.158557Total elapsed time: 0.403 sec.
@I [HLS-100] Command "source /opt/Xilinx/Vivado_HLS/2014.4/common/technology/xilinx/common/dsp48.gen "
@I [HLS-100] Command 'ap_source' returned 0; elapsed 7.7e-05Total elapsed time: 0.405 sec.
@I [HLS-100] Command 'ap_source' returned 0; elapsed 0.160099Total elapsed time: 0.405 sec.
@I [HLS-100] Command 'ap_source' returned 0; elapsed 0.16021Total elapsed time: 0.405 sec.
@I [HLS-100] Command "open_platform DefaultPlatform "
@I [HLS-100] Command 'open_platform' returned 0; elapsed 2.3e-05Total elapsed time: 0.405 sec.
@I [HLS-100] Command "import_lib /opt/Xilinx/Vivado_HLS/2014.4/common/technology/xilinx/zynq/zynq_fpv6 "
@I [HLS-100] Command "source /opt/Xilinx/Vivado_HLS/2014.4/common/technology/xilinx/common/xilinx_fpv7.lib "
@I [HLS-100] Command 'ap_source' returned 0; elapsed 0.002634Total elapsed time: 0.408 sec.
@I [HLS-100] Command "source /opt/Xilinx/Vivado_HLS/2014.4/common/technology/xilinx/common/xilinx_fpv.hlp "
@I [HLS-100] Command "source /opt/Xilinx/Vivado_HLS/2014.4/common/technology/xilinx/common/xilinx.hlp "
@I [HLS-100] Command "source /opt/Xilinx/Vivado_HLS/2014.4/common/technology/xilinx/common/target_info.tcl "
@I [HLS-100] Command 'ap_source' returned 0; elapsed 0.000144Total elapsed time: 0.413 sec.
@I [HLS-100] Command "source /opt/Xilinx/Vivado_HLS/2014.4/common/technology/xilinx/interface/xilinx_interface.hlp "
@I [HLS-100] Command "source /opt/Xilinx/Vivado_HLS/2014.4/common/technology/xilinx/interface/maxi.hlp "
@I [HLS-100] Command 'ap_source' returned 0; elapsed 9e-05Total elapsed time: 0.413 sec.
@I [HLS-100] Command "source /opt/Xilinx/Vivado_HLS/2014.4/common/technology/xilinx/interface/saxilite.hlp "
@I [HLS-100] Command 'ap_source' returned 0; elapsed 8.4e-05Total elapsed time: 0.414 sec.
@I [HLS-100] Command 'ap_source' returned 0; elapsed 0.000306Total elapsed time: 0.414 sec.
@I [HLS-100] Command "source /opt/Xilinx/Vivado_HLS/2014.4/common/technology/xilinx/common/dsp48.hlp "
@I [HLS-100] Command 'ap_source' returned 0; elapsed 0.000305Total elapsed time: 0.414 sec.
@I [HLS-100] Command 'ap_source' returned 0; elapsed 0.001599Total elapsed time: 0.414 sec.
@I [HLS-100] Command 'ap_source' returned 0; elapsed 0.002113Total elapsed time: 0.415 sec.
@I [HLS-100] Command 'import_lib' returned 0; elapsed 0.014244Total elapsed time: 0.419 sec.
@I [HLS-100] Command "source /opt/Xilinx/Vivado_HLS/2014.4/common/technology/xilinx/zynq/zynq_fpv6.gen "
@I [HLS-100] Command "source /opt/Xilinx/Vivado_HLS/2014.4/common/technology/xilinx/common/xilinx_fpv6.gen "
@I [HLS-100] Command 'ap_source' returned 0; elapsed 0.001271Total elapsed time: 0.421 sec.
@I [HLS-100] Command 'ap_source' returned 0; elapsed 0.001379Total elapsed time: 0.421 sec.
@I [HLS-100] Command "set_part xc7z010clg400-1 "
@I [HLS-100] Command "add_library xilinx/zynq/zynq:xc7z010:clg400:-1 "
@I [HLS-100] Command "get_default_platform "
@I [HLS-100] Command 'get_default_platform' returned 0; elapsed 4e-06Total elapsed time: 0.423 sec.
@I [HLS-100] Command "license_exists VIVADO_HLS "
@I [HLS-100] Command 'license_exists' returned 1; elapsed 0.003044Total elapsed time: 0.427 sec.
@I [HLS-100] Command "license_exists ap_opencl "
@I [HLS-100] Command 'license_exists' returned 1; elapsed 0.002761Total elapsed time: 0.430 sec.
@I [HLS-100] Command "license_exists AUTOESL_NI "
@I [HLS-100] Command 'license_exists' returned 1; elapsed 0.00258Total elapsed time: 0.432 sec.
@I [HLS-100] Command "license_exists HLS "
@I [HLS-100] Command 'license_exists' returned 0; elapsed 4e-06Total elapsed time: 0.432 sec.
@I [HLS-100] Command "get_default_platform "
@I [HLS-100] Command 'get_default_platform' returned 0; elapsed 4e-06Total elapsed time: 0.433 sec.
@I [HLS-100] Command "config_chip_info -quiet -resource  {SLICE 4400}   {LUT 17600}     {FF 35200}  {DSP48E 80}    {BRAM 120}  "
@I [HLS-100] Command 'config_chip_info' returned 0; elapsed 3.2e-05Total elapsed time: 0.433 sec.
@I [HLS-100] Command "config_chip_info -quiet -speed slow "
@I [HLS-100] Command 'config_chip_info' returned 0; elapsed 4e-06Total elapsed time: 0.433 sec.
@I [HLS-100] Command 'add_library' returned 0; elapsed 0.010661Total elapsed time: 0.434 sec.
@I [HLS-100] Command "add_library xilinx/zynq/zynq_fpv6 "
@I [HLS-100] Command "get_default_platform "
@I [HLS-100] Command 'get_default_platform' returned 0; elapsed 4e-06Total elapsed time: 0.434 sec.
@I [HLS-100] Command "license_exists VIVADO_HLS "
@I [HLS-100] Command 'license_exists' returned 1; elapsed 0.002565Total elapsed time: 0.437 sec.
@I [HLS-100] Command "license_exists ap_opencl "
@I [HLS-100] Command 'license_exists' returned 1; elapsed 0.002569Total elapsed time: 0.439 sec.
@I [HLS-100] Command "license_exists AUTOESL_NI "
@I [HLS-100] Command 'license_exists' returned 1; elapsed 0.002632Total elapsed time: 0.442 sec.
@I [HLS-100] Command "license_exists HLS "
@I [HLS-100] Command 'license_exists' returned 0; elapsed 5e-06Total elapsed time: 0.442 sec.
@I [HLS-100] Command 'add_library' returned 0; elapsed 0.009057Total elapsed time: 0.443 sec.
@I [HLS-10] Setting target device to 'xc7z010clg400-1'
@I [HLS-100] Command 'set_part' returned 0; elapsed 0.021875Total elapsed time: 0.443 sec.
@I [HLS-100] Command "get_default_platform "
@I [HLS-100] Command 'get_default_platform' returned 0; elapsed 3e-06Total elapsed time: 0.443 sec.
@I [HLS-100] Command "config_chip_info -quiet -resource  {SLICE 4400}   {LUT 17600}     {FF 35200}  {DSP48E 80}    {BRAM 120}  "
@I [HLS-100] Command 'config_chip_info' returned 0; elapsed 9e-06Total elapsed time: 0.443 sec.
@I [HLS-100] Command "config_chip_info -quiet -speed slow "
@I [HLS-100] Command 'config_chip_info' returned 0; elapsed 4e-06Total elapsed time: 0.443 sec.
@I [HLS-100] Command 'open_solution' returned 0; elapsed 0.21663Total elapsed time: 0.443 sec.
@I [HLS-100] Command "export_design -format ip_catalog "
@I [HLS-100] Command "source /home/teja/Documents/TAIGA/HLS/fifo_dequeue/solution1/.autopilot/db/global.setting.tcl "
@I [HLS-100] Command 'ap_source' returned 0; elapsed 0.000151Total elapsed time: 0.448 sec.
@I [HLS-100] Command "source /opt/Xilinx/Vivado_HLS/2014.4/common/technology/generic/autopilot/common.gen "
@I [HLS-100] Command "source /opt/Xilinx/Vivado_HLS/2014.4/common/technology/generic/autopilot/APCoreGen.gen "
@I [HLS-100] Command 'ap_source' returned 0; elapsed 0.000476Total elapsed time: 0.451 sec.
@I [HLS-100] Command 'ap_source' returned 0; elapsed 0.000918Total elapsed time: 0.452 sec.
@I [HLS-100] Command "source /opt/Xilinx/Vivado_HLS/2014.4/common/technology/generic/autopilot/op.gen "
@I [HLS-100] Command 'ap_source' returned 0; elapsed 0.000266Total elapsed time: 0.452 sec.
@I [HLS-100] Command "source /opt/Xilinx/Vivado_HLS/2014.4/common/technology/generic/autopilot/op_simcore.gen "
@I [HLS-100] Command 'ap_source' returned 0; elapsed 0.000712Total elapsed time: 0.453 sec.
@I [HLS-100] Command "source /opt/Xilinx/Vivado_HLS/2014.4/common/technology/generic/autopilot/interface.gen "
@I [HLS-100] Command 'ap_source' returned 0; elapsed 7.2e-05Total elapsed time: 0.453 sec.
@I [HLS-100] Command "source /home/teja/Documents/TAIGA/HLS/fifo_dequeue/solution1/.autopilot/db/global.setting.tcl "
@I [HLS-100] Command 'ap_source' returned 0; elapsed 0.000129Total elapsed time: 0.453 sec.
@I [HLS-100] Command "source /opt/Xilinx/Vivado_HLS/2014.4/common/technology/xilinx/zynq/zynq.gen "
@I [HLS-100] Command "source /opt/Xilinx/Vivado_HLS/2014.4/common/technology/xilinx/common/virtex.gen "
@I [HLS-100] Command "source /opt/Xilinx/Vivado_HLS/2014.4/common/technology/xilinx/common/xilinx.gen "
@I [HLS-100] Command "source /opt/Xilinx/Vivado_HLS/2014.4/common/technology/xilinx/interface/plb46.gen "
@I [HLS-100] Command 'ap_source' returned 0; elapsed 0.000914Total elapsed time: 0.454 sec.
@I [HLS-100] Command "source /opt/Xilinx/Vivado_HLS/2014.4/common/technology/xilinx/interface/fsl.gen "
@I [HLS-100] Command 'ap_source' returned 0; elapsed 0.000393Total elapsed time: 0.455 sec.
@I [HLS-100] Command "source /opt/Xilinx/Vivado_HLS/2014.4/common/technology/xilinx/interface/axi4.gen "
@I [HLS-100] Command 'ap_source' returned 0; elapsed 0.001808Total elapsed time: 0.457 sec.
@I [HLS-100] Command "source /opt/Xilinx/Vivado_HLS/2014.4/common/technology/xilinx/interface/nativeAXI4.gen "
@I [HLS-100] Command "source /opt/Xilinx/Vivado_HLS/2014.4/common/technology/xilinx/interface/saxilite.gen "
@I [HLS-100] Command 'ap_source' returned 0; elapsed 0.002686Total elapsed time: 0.460 sec.
@I [HLS-100] Command "source /opt/Xilinx/Vivado_HLS/2014.4/common/technology/xilinx/interface/maxi.gen "
@I [HLS-100] Command 'ap_source' returned 0; elapsed 0.006067Total elapsed time: 0.466 sec.
@I [HLS-100] Command 'ap_source' returned 0; elapsed 0.008922Total elapsed time: 0.466 sec.
@I [HLS-100] Command "source /opt/Xilinx/Vivado_HLS/2014.4/common/technology/xilinx/scripts/xilinxcoregen.gen "
@I [HLS-100] Command 'ap_source' returned 0; elapsed 0.00713Total elapsed time: 0.473 sec.
@I [HLS-100] Command "source /opt/Xilinx/Vivado_HLS/2014.4/common/technology/xilinx/interface/XilEDKCoreGen.gen "
@I [HLS-100] Command 'ap_source' returned 0; elapsed 0.007366Total elapsed time: 0.480 sec.
@I [HLS-100] Command "source /opt/Xilinx/Vivado_HLS/2014.4/common/technology/xilinx/ip/xfft.gen "
@I [HLS-100] Command 'ap_source' returned 0; elapsed 0.102008Total elapsed time: 0.582 sec.
@I [HLS-100] Command "source /opt/Xilinx/Vivado_HLS/2014.4/common/technology/xilinx/ip/xfir.gen "
@I [HLS-100] Command 'ap_source' returned 0; elapsed 0.022578Total elapsed time: 0.605 sec.
@I [HLS-100] Command "source /opt/Xilinx/Vivado_HLS/2014.4/common/technology/xilinx/ip/util.gen "
@I [HLS-100] Command 'ap_source' returned 0; elapsed 0.000137Total elapsed time: 0.605 sec.
@I [HLS-100] Command 'ap_source' returned 0; elapsed 0.15183Total elapsed time: 0.605 sec.
@I [HLS-100] Command "source /opt/Xilinx/Vivado_HLS/2014.4/common/technology/xilinx/common/dsp48.gen "
@I [HLS-100] Command 'ap_source' returned 0; elapsed 8e-05Total elapsed time: 0.606 sec.
@I [HLS-100] Command 'ap_source' returned 0; elapsed 0.15333Total elapsed time: 0.607 sec.
@I [HLS-100] Command 'ap_source' returned 0; elapsed 0.153439Total elapsed time: 0.607 sec.
@I [HLS-100] Command "source /opt/Xilinx/Vivado_HLS/2014.4/common/technology/xilinx/zynq/zynq_fpv6.gen "
@I [HLS-100] Command "source /opt/Xilinx/Vivado_HLS/2014.4/common/technology/xilinx/common/xilinx_fpv6.gen "
@I [HLS-100] Command 'ap_source' returned 0; elapsed 0.001277Total elapsed time: 0.608 sec.
@I [HLS-100] Command 'ap_source' returned 0; elapsed 0.001376Total elapsed time: 0.608 sec.
@I [HLS-100] Command "source /home/teja/Documents/TAIGA/HLS/fifo_dequeue/solution1/.autopilot/db/global.setting.tcl "
@I [HLS-100] Command 'ap_source' returned 0; elapsed 0.00015Total elapsed time: 0.608 sec.
@I [IMPL-8] Exporting RTL as an IP in IP-XACT.
@I [HLS-100] Command "source /home/teja/Documents/TAIGA/HLS/fifo_dequeue/solution1/.autopilot/db/global.setting.tcl "
@I [HLS-100] Command 'ap_source' returned 0; elapsed 0.000144Total elapsed time: 0.609 sec.
@I [HLS-100] Command "source /home/teja/Documents/TAIGA/HLS/fifo_dequeue/solution1/.autopilot/db/global.setting.tcl "
@I [HLS-100] Command 'ap_source' returned 0; elapsed 0.000156Total elapsed time: 0.614 sec.
@I [HLS-100] Command "source /opt/Xilinx/Vivado_HLS/2014.4/common/technology/generic/autopilot/common.gen "
@I [HLS-100] Command "source /opt/Xilinx/Vivado_HLS/2014.4/common/technology/generic/autopilot/APCoreGen.gen "
@I [HLS-100] Command 'ap_source' returned 0; elapsed 0.000493Total elapsed time: 0.614 sec.
@I [HLS-100] Command 'ap_source' returned 0; elapsed 0.001023Total elapsed time: 0.615 sec.
@I [HLS-100] Command "source /opt/Xilinx/Vivado_HLS/2014.4/common/technology/generic/autopilot/op.gen "
@I [HLS-100] Command 'ap_source' returned 0; elapsed 0.00031Total elapsed time: 0.615 sec.
@I [HLS-100] Command "source /opt/Xilinx/Vivado_HLS/2014.4/common/technology/generic/autopilot/op_simcore.gen "
@I [HLS-100] Command 'ap_source' returned 0; elapsed 0.000773Total elapsed time: 0.616 sec.
@I [HLS-100] Command "source /opt/Xilinx/Vivado_HLS/2014.4/common/technology/generic/autopilot/interface.gen "
@I [HLS-100] Command 'ap_source' returned 0; elapsed 7.7e-05Total elapsed time: 0.616 sec.
@I [HLS-100] Command "source /home/teja/Documents/TAIGA/HLS/fifo_dequeue/solution1/.autopilot/db/global.setting.tcl "
@I [HLS-100] Command 'ap_source' returned 0; elapsed 0.000132Total elapsed time: 0.616 sec.
@I [HLS-100] Command "source /opt/Xilinx/Vivado_HLS/2014.4/common/technology/xilinx/zynq/zynq.gen "
@I [HLS-100] Command "source /opt/Xilinx/Vivado_HLS/2014.4/common/technology/xilinx/common/virtex.gen "
@I [HLS-100] Command "source /opt/Xilinx/Vivado_HLS/2014.4/common/technology/xilinx/common/xilinx.gen "
@I [HLS-100] Command "source /opt/Xilinx/Vivado_HLS/2014.4/common/technology/xilinx/interface/plb46.gen "
@I [HLS-100] Command 'ap_source' returned 0; elapsed 0.000825Total elapsed time: 0.618 sec.
@I [HLS-100] Command "source /opt/Xilinx/Vivado_HLS/2014.4/common/technology/xilinx/interface/fsl.gen "
@I [HLS-100] Command 'ap_source' returned 0; elapsed 0.000382Total elapsed time: 0.618 sec.
@I [HLS-100] Command "source /opt/Xilinx/Vivado_HLS/2014.4/common/technology/xilinx/interface/axi4.gen "
@I [HLS-100] Command 'ap_source' returned 0; elapsed 0.001787Total elapsed time: 0.620 sec.
@I [HLS-100] Command "source /opt/Xilinx/Vivado_HLS/2014.4/common/technology/xilinx/interface/nativeAXI4.gen "
@I [HLS-100] Command "source /opt/Xilinx/Vivado_HLS/2014.4/common/technology/xilinx/interface/saxilite.gen "
@I [HLS-100] Command 'ap_source' returned 0; elapsed 0.002561Total elapsed time: 0.622 sec.
@I [HLS-100] Command "source /opt/Xilinx/Vivado_HLS/2014.4/common/technology/xilinx/interface/maxi.gen "
@I [HLS-100] Command 'ap_source' returned 0; elapsed 0.005736Total elapsed time: 0.628 sec.
@I [HLS-100] Command 'ap_source' returned 0; elapsed 0.008441Total elapsed time: 0.628 sec.
@I [HLS-100] Command "source /opt/Xilinx/Vivado_HLS/2014.4/common/technology/xilinx/scripts/xilinxcoregen.gen "
@I [HLS-100] Command 'ap_source' returned 0; elapsed 0.007155Total elapsed time: 0.635 sec.
@I [HLS-100] Command "source /opt/Xilinx/Vivado_HLS/2014.4/common/technology/xilinx/interface/XilEDKCoreGen.gen "
@I [HLS-100] Command 'ap_source' returned 0; elapsed 0.007362Total elapsed time: 0.643 sec.
@I [HLS-100] Command "source /opt/Xilinx/Vivado_HLS/2014.4/common/technology/xilinx/ip/xfft.gen "
@I [HLS-100] Command 'ap_source' returned 0; elapsed 0.103744Total elapsed time: 0.747 sec.
@I [HLS-100] Command "source /opt/Xilinx/Vivado_HLS/2014.4/common/technology/xilinx/ip/xfir.gen "
@I [HLS-100] Command 'ap_source' returned 0; elapsed 0.022316Total elapsed time: 0.769 sec.
@I [HLS-100] Command "source /opt/Xilinx/Vivado_HLS/2014.4/common/technology/xilinx/ip/util.gen "
@I [HLS-100] Command 'ap_source' returned 0; elapsed 0.000136Total elapsed time: 0.769 sec.
@I [HLS-100] Command 'ap_source' returned 0; elapsed 0.152738Total elapsed time: 0.769 sec.
@I [HLS-100] Command "source /opt/Xilinx/Vivado_HLS/2014.4/common/technology/xilinx/common/dsp48.gen "
@I [HLS-100] Command 'ap_source' returned 0; elapsed 7.9e-05Total elapsed time: 0.770 sec.
@I [HLS-100] Command 'ap_source' returned 0; elapsed 0.154147Total elapsed time: 0.771 sec.
@I [HLS-100] Command 'ap_source' returned 0; elapsed 0.154253Total elapsed time: 0.771 sec.
@I [HLS-100] Command "source /opt/Xilinx/Vivado_HLS/2014.4/common/technology/xilinx/zynq/zynq_fpv6.gen "
@I [HLS-100] Command "source /opt/Xilinx/Vivado_HLS/2014.4/common/technology/xilinx/common/xilinx_fpv6.gen "
@I [HLS-100] Command 'ap_source' returned 0; elapsed 0.001197Total elapsed time: 0.772 sec.
@I [HLS-100] Command 'ap_source' returned 0; elapsed 0.001298Total elapsed time: 0.772 sec.
@I [HLS-100] Command "source /home/teja/Documents/TAIGA/HLS/fifo_dequeue/solution1/.autopilot/db/global.setting.tcl "
@I [HLS-100] Command 'ap_source' returned 0; elapsed 0.00014Total elapsed time: 0.773 sec.
@I [HLS-100] Command "source /home/teja/Documents/TAIGA/HLS/fifo_dequeue/solution1/.autopilot/db/fifo_dequeue.compgen.tcl "
@I [HLS-100] Command 'ap_source' returned 0; elapsed 0.000131Total elapsed time: 0.773 sec.
@I [HLS-100] Command "source /home/teja/Documents/TAIGA/HLS/fifo_dequeue/solution1/.autopilot/db/global.setting.tcl "
@I [HLS-100] Command 'ap_source' returned 0; elapsed 0.000132Total elapsed time: 0.774 sec.
@I [HLS-100] Command "source /home/teja/Documents/TAIGA/HLS/fifo_dequeue/solution1/.autopilot/db/fifo_dequeue.compgen.tcl "
@I [HLS-100] Command "source /home/teja/Documents/TAIGA/HLS/fifo_dequeue/solution1/.autopilot/db/fifo_dequeue.rtl_wrap.cfg.tcl "
@I [HLS-100] Command 'ap_source' returned 0; elapsed 0.000177Total elapsed time: 0.775 sec.
@I [HLS-100] Command "source /home/teja/Documents/TAIGA/HLS/fifo_dequeue/solution1/.autopilot/db/fifo_dequeue.rtl_wrap.cfg.tcl "
@I [HLS-100] Command 'ap_source' returned 0; elapsed 0.000176Total elapsed time: 0.775 sec.
@I [HLS-100] Command "source /home/teja/Documents/TAIGA/HLS/fifo_dequeue/solution1/.autopilot/db/fifo_dequeue.tbgen.tcl "
@I [HLS-100] Command 'ap_source' returned 0; elapsed 0.000115Total elapsed time: 0.775 sec.
@I [HLS-100] Command "source /home/teja/Documents/TAIGA/HLS/fifo_dequeue/solution1/.autopilot/db/fifo_dequeue.tbgen.tcl "
@I [HLS-100] Command 'ap_source' returned 0; elapsed 0.000107Total elapsed time: 0.776 sec.
@I [HLS-100] Command 'ap_source' returned 0; elapsed 0.027366Total elapsed time: 0.802 sec.
@I [HLS-100] Command "source /home/teja/Documents/TAIGA/HLS/fifo_dequeue/solution1/.autopilot/db/global.setting.tcl "
@I [HLS-100] Command 'ap_source' returned 0; elapsed 0.000143Total elapsed time: 0.810 sec.
@I [HLS-100] Command "source /home/teja/Documents/TAIGA/HLS/fifo_dequeue/solution1/.autopilot/db/fifo_dequeue.compgen.tcl "
@I [HLS-100] Command 'ap_source' returned 0; elapsed 0.000137Total elapsed time: 0.810 sec.
@I [HLS-100] Command "source /home/teja/Documents/TAIGA/HLS/fifo_dequeue/solution1/impl/.pcores/verilog/axi_fifo.slave.tcl "
@I [HLS-100] Command 'ap_source' returned 0; elapsed 7.7e-05Total elapsed time: 0.817 sec.
@I [HLS-100] Command "source /home/teja/Documents/TAIGA/HLS/fifo_dequeue/solution1/.autopilot/db/global.setting.tcl "
@I [HLS-100] Command 'ap_source' returned 0; elapsed 0.000142Total elapsed time: 0.858 sec.
@I [HLS-100] Command "source /home/teja/Documents/TAIGA/HLS/fifo_dequeue/solution1/.autopilot/db/fifo_dequeue.constraint.tcl "
@I [HLS-100] Command 'ap_source' returned 0; elapsed 6.7e-05Total elapsed time: 0.859 sec.
@I [HLS-100] Command "source /home/teja/Documents/TAIGA/HLS/fifo_dequeue/solution1/.autopilot/db/fifo_dequeue.rtl_wrap.cfg.tcl "
@I [HLS-100] Command 'ap_source' returned 0; elapsed 0.000184Total elapsed time: 0.872 sec.
@I [HLS-100] Command "source /home/teja/Documents/TAIGA/HLS/fifo_dequeue/solution1/.autopilot/db/fifo_dequeue.rtl_wrap.cfg.tcl "
@I [HLS-100] Command 'ap_source' returned 0; elapsed 0.000183Total elapsed time: 0.872 sec.
@I [HLS-100] Command "source /home/teja/Documents/TAIGA/HLS/fifo_dequeue/solution1/.autopilot/db/fifo_dequeue.tbgen.tcl "
@I [HLS-100] Command 'ap_source' returned 0; elapsed 0.000109Total elapsed time: 0.872 sec.
@I [HLS-100] Command "source /home/teja/Documents/TAIGA/HLS/fifo_dequeue/solution1/.autopilot/db/fifo_dequeue.tbgen.tcl "
@I [HLS-100] Command 'ap_source' returned 0; elapsed 0.000109Total elapsed time: 0.873 sec.
@I [HLS-100] Command "source /home/teja/Documents/TAIGA/HLS/fifo_dequeue/solution1/.autopilot/db/global.setting.tcl "
@I [HLS-100] Command 'ap_source' returned 0; elapsed 0.000141Total elapsed time: 0.904 sec.
@I [HLS-100] Command "source /home/teja/Documents/TAIGA/HLS/fifo_dequeue/solution1/.autopilot/db/global.setting.tcl "
@I [HLS-100] Command 'ap_source' returned 0; elapsed 0.000126Total elapsed time: 0.914 sec.
@I [HLS-100] Command "source /home/teja/Documents/TAIGA/HLS/fifo_dequeue/solution1/.autopilot/db/fifo_dequeue.constraint.tcl "
@I [HLS-100] Command 'ap_source' returned 0; elapsed 6e-05Total elapsed time: 0.914 sec.
@I [HLS-100] Command "source /home/teja/Documents/TAIGA/HLS/fifo_dequeue/solution1/.autopilot/db/fifo_dequeue.constraint.tcl "
@I [HLS-100] Command 'ap_source' returned 0; elapsed 5.7e-05Total elapsed time: 0.914 sec.
@I [HLS-100] Command "source /opt/Xilinx/Vivado_HLS/2014.4/common/technology/generic/autopilot/common.gen "
@I [HLS-100] Command "source /opt/Xilinx/Vivado_HLS/2014.4/common/technology/generic/autopilot/APCoreGen.gen "
@I [HLS-100] Command 'ap_source' returned 0; elapsed 0.00052Total elapsed time: 0.916 sec.
@I [HLS-100] Command 'ap_source' returned 0; elapsed 0.001061Total elapsed time: 0.917 sec.
@I [HLS-100] Command "source /opt/Xilinx/Vivado_HLS/2014.4/common/technology/generic/autopilot/op.gen "
@I [HLS-100] Command 'ap_source' returned 0; elapsed 0.00029Total elapsed time: 0.917 sec.
@I [HLS-100] Command "source /opt/Xilinx/Vivado_HLS/2014.4/common/technology/generic/autopilot/op_simcore.gen "
@I [HLS-100] Command 'ap_source' returned 0; elapsed 0.000778Total elapsed time: 0.918 sec.
@I [HLS-100] Command "source /opt/Xilinx/Vivado_HLS/2014.4/common/technology/generic/autopilot/interface.gen "
@I [HLS-100] Command 'ap_source' returned 0; elapsed 8.4e-05Total elapsed time: 0.918 sec.
@I [HLS-100] Command "source /home/teja/Documents/TAIGA/HLS/fifo_dequeue/solution1/.autopilot/db/global.setting.tcl "
@I [HLS-100] Command 'ap_source' returned 0; elapsed 0.00013Total elapsed time: 0.918 sec.
@I [HLS-100] Command "source /opt/Xilinx/Vivado_HLS/2014.4/common/technology/xilinx/zynq/zynq.gen "
@I [HLS-100] Command "source /opt/Xilinx/Vivado_HLS/2014.4/common/technology/xilinx/common/virtex.gen "
@I [HLS-100] Command "source /opt/Xilinx/Vivado_HLS/2014.4/common/technology/xilinx/common/xilinx.gen "
@I [HLS-100] Command "source /opt/Xilinx/Vivado_HLS/2014.4/common/technology/xilinx/interface/plb46.gen "
@I [HLS-100] Command 'ap_source' returned 0; elapsed 0.000842Total elapsed time: 0.919 sec.
@I [HLS-100] Command "source /opt/Xilinx/Vivado_HLS/2014.4/common/technology/xilinx/interface/fsl.gen "
@I [HLS-100] Command 'ap_source' returned 0; elapsed 0.000404Total elapsed time: 0.920 sec.
@I [HLS-100] Command "source /opt/Xilinx/Vivado_HLS/2014.4/common/technology/xilinx/interface/axi4.gen "
@I [HLS-100] Command 'ap_source' returned 0; elapsed 0.002085Total elapsed time: 0.922 sec.
@I [HLS-100] Command "source /opt/Xilinx/Vivado_HLS/2014.4/common/technology/xilinx/interface/nativeAXI4.gen "
@I [HLS-100] Command "source /opt/Xilinx/Vivado_HLS/2014.4/common/technology/xilinx/interface/saxilite.gen "
@I [HLS-100] Command 'ap_source' returned 0; elapsed 0.002695Total elapsed time: 0.925 sec.
@I [HLS-100] Command "source /opt/Xilinx/Vivado_HLS/2014.4/common/technology/xilinx/interface/maxi.gen "
@I [HLS-100] Command 'ap_source' returned 0; elapsed 0.006083Total elapsed time: 0.931 sec.
@I [HLS-100] Command 'ap_source' returned 0; elapsed 0.008928Total elapsed time: 0.931 sec.
@I [HLS-100] Command "source /opt/Xilinx/Vivado_HLS/2014.4/common/technology/xilinx/scripts/xilinxcoregen.gen "
@I [HLS-100] Command 'ap_source' returned 0; elapsed 0.007092Total elapsed time: 0.938 sec.
@I [HLS-100] Command "source /opt/Xilinx/Vivado_HLS/2014.4/common/technology/xilinx/interface/XilEDKCoreGen.gen "
@I [HLS-100] Command 'ap_source' returned 0; elapsed 0.008163Total elapsed time: 0.946 sec.
@I [HLS-100] Command "source /opt/Xilinx/Vivado_HLS/2014.4/common/technology/xilinx/ip/xfft.gen "
@I [HLS-100] Command 'ap_source' returned 0; elapsed 0.102365Total elapsed time: 1.49 sec.
@I [HLS-100] Command "source /opt/Xilinx/Vivado_HLS/2014.4/common/technology/xilinx/ip/xfir.gen "
@I [HLS-100] Command 'ap_source' returned 0; elapsed 0.022789Total elapsed time: 1.72 sec.
@I [HLS-100] Command "source /opt/Xilinx/Vivado_HLS/2014.4/common/technology/xilinx/ip/util.gen "
@I [HLS-100] Command 'ap_source' returned 0; elapsed 0.000133Total elapsed time: 1.72 sec.
@I [HLS-100] Command 'ap_source' returned 0; elapsed 0.15342Total elapsed time: 1.72 sec.
@I [HLS-100] Command "source /opt/Xilinx/Vivado_HLS/2014.4/common/technology/xilinx/common/dsp48.gen "
@I [HLS-100] Command 'ap_source' returned 0; elapsed 7.5e-05Total elapsed time: 1.73 sec.
@I [HLS-100] Command 'ap_source' returned 0; elapsed 0.154816Total elapsed time: 1.73 sec.
@I [HLS-100] Command 'ap_source' returned 0; elapsed 0.154931Total elapsed time: 1.73 sec.
@I [HLS-100] Command "source /opt/Xilinx/Vivado_HLS/2014.4/common/technology/xilinx/zynq/zynq_fpv6.gen "
@I [HLS-100] Command "source /opt/Xilinx/Vivado_HLS/2014.4/common/technology/xilinx/common/xilinx_fpv6.gen "
@I [HLS-100] Command 'ap_source' returned 0; elapsed 0.00122Total elapsed time: 1.75 sec.
@I [HLS-100] Command 'ap_source' returned 0; elapsed 0.001354Total elapsed time: 1.75 sec.
@I [HLS-100] Command "source /home/teja/Documents/TAIGA/HLS/fifo_dequeue/solution1/.autopilot/db/global.setting.tcl "
@I [HLS-100] Command 'ap_source' returned 0; elapsed 0.000176Total elapsed time: 7.754 sec.
@I [HLS-100] Command "source /opt/Xilinx/Vivado_HLS/2014.4/common/technology/generic/autopilot/common.gen "
@I [HLS-100] Command "source /opt/Xilinx/Vivado_HLS/2014.4/common/technology/generic/autopilot/APCoreGen.gen "
@I [HLS-100] Command 'ap_source' returned 0; elapsed 0.000549Total elapsed time: 7.758 sec.
@I [HLS-100] Command 'ap_source' returned 0; elapsed 0.001171Total elapsed time: 7.758 sec.
@I [HLS-100] Command "source /opt/Xilinx/Vivado_HLS/2014.4/common/technology/generic/autopilot/op.gen "
@I [HLS-100] Command 'ap_source' returned 0; elapsed 0.000343Total elapsed time: 7.759 sec.
@I [HLS-100] Command "source /opt/Xilinx/Vivado_HLS/2014.4/common/technology/generic/autopilot/op_simcore.gen "
@I [HLS-100] Command 'ap_source' returned 0; elapsed 0.000817Total elapsed time: 7.759 sec.
@I [HLS-100] Command "source /opt/Xilinx/Vivado_HLS/2014.4/common/technology/generic/autopilot/interface.gen "
@I [HLS-100] Command 'ap_source' returned 0; elapsed 8.2e-05Total elapsed time: 7.760 sec.
@I [HLS-100] Command "source /home/teja/Documents/TAIGA/HLS/fifo_dequeue/solution1/.autopilot/db/global.setting.tcl "
@I [HLS-100] Command 'ap_source' returned 0; elapsed 0.000132Total elapsed time: 7.760 sec.
@I [HLS-100] Command "source /opt/Xilinx/Vivado_HLS/2014.4/common/technology/xilinx/zynq/zynq.gen "
@I [HLS-100] Command "source /opt/Xilinx/Vivado_HLS/2014.4/common/technology/xilinx/common/virtex.gen "
@I [HLS-100] Command "source /opt/Xilinx/Vivado_HLS/2014.4/common/technology/xilinx/common/xilinx.gen "
@I [HLS-100] Command "source /opt/Xilinx/Vivado_HLS/2014.4/common/technology/xilinx/interface/plb46.gen "
@I [HLS-100] Command 'ap_source' returned 0; elapsed 0.00091Total elapsed time: 7.761 sec.
@I [HLS-100] Command "source /opt/Xilinx/Vivado_HLS/2014.4/common/technology/xilinx/interface/fsl.gen "
@I [HLS-100] Command 'ap_source' returned 0; elapsed 0.000477Total elapsed time: 7.762 sec.
@I [HLS-100] Command "source /opt/Xilinx/Vivado_HLS/2014.4/common/technology/xilinx/interface/axi4.gen "
@I [HLS-100] Command 'ap_source' returned 0; elapsed 0.002015Total elapsed time: 7.764 sec.
@I [HLS-100] Command "source /opt/Xilinx/Vivado_HLS/2014.4/common/technology/xilinx/interface/nativeAXI4.gen "
@I [HLS-100] Command "source /opt/Xilinx/Vivado_HLS/2014.4/common/technology/xilinx/interface/saxilite.gen "
@I [HLS-100] Command 'ap_source' returned 0; elapsed 0.00279Total elapsed time: 7.767 sec.
@I [HLS-100] Command "source /opt/Xilinx/Vivado_HLS/2014.4/common/technology/xilinx/interface/maxi.gen "
@I [HLS-100] Command 'ap_source' returned 0; elapsed 0.006242Total elapsed time: 7.773 sec.
@I [HLS-100] Command 'ap_source' returned 0; elapsed 0.009192Total elapsed time: 7.773 sec.
@I [HLS-100] Command "source /opt/Xilinx/Vivado_HLS/2014.4/common/technology/xilinx/scripts/xilinxcoregen.gen "
@I [HLS-100] Command 'ap_source' returned 0; elapsed 0.007742Total elapsed time: 7.781 sec.
@I [HLS-100] Command "source /opt/Xilinx/Vivado_HLS/2014.4/common/technology/xilinx/interface/XilEDKCoreGen.gen "
@I [HLS-100] Command 'ap_source' returned 0; elapsed 0.007687Total elapsed time: 7.788 sec.
@I [HLS-100] Command "source /opt/Xilinx/Vivado_HLS/2014.4/common/technology/xilinx/ip/xfft.gen "
@I [HLS-100] Command 'ap_source' returned 0; elapsed 0.105727Total elapsed time: 7.894 sec.
@I [HLS-100] Command "source /opt/Xilinx/Vivado_HLS/2014.4/common/technology/xilinx/ip/xfir.gen "
@I [HLS-100] Command 'ap_source' returned 0; elapsed 0.024055Total elapsed time: 7.918 sec.
@I [HLS-100] Command "source /opt/Xilinx/Vivado_HLS/2014.4/common/technology/xilinx/ip/util.gen "
@I [HLS-100] Command 'ap_source' returned 0; elapsed 0.000159Total elapsed time: 7.919 sec.
@I [HLS-100] Command 'ap_source' returned 0; elapsed 0.158597Total elapsed time: 7.919 sec.
@I [HLS-100] Command "source /opt/Xilinx/Vivado_HLS/2014.4/common/technology/xilinx/common/dsp48.gen "
@I [HLS-100] Command 'ap_source' returned 0; elapsed 0.000112Total elapsed time: 7.920 sec.
@I [HLS-100] Command 'ap_source' returned 0; elapsed 0.160257Total elapsed time: 7.920 sec.
@I [HLS-100] Command 'ap_source' returned 0; elapsed 0.160363Total elapsed time: 7.920 sec.
@I [HLS-100] Command "source /opt/Xilinx/Vivado_HLS/2014.4/common/technology/xilinx/zynq/zynq_fpv6.gen "
@I [HLS-100] Command "source /opt/Xilinx/Vivado_HLS/2014.4/common/technology/xilinx/common/xilinx_fpv6.gen "
@I [HLS-100] Command 'ap_source' returned 0; elapsed 0.001262Total elapsed time: 7.922 sec.
@I [HLS-100] Command 'ap_source' returned 0; elapsed 0.001365Total elapsed time: 7.922 sec.
@I [HLS-100] Command "source /home/teja/Documents/TAIGA/HLS/fifo_dequeue/solution1/.autopilot/db/global.setting.tcl "
@I [HLS-100] Command 'ap_source' returned 0; elapsed 0.000154Total elapsed time: 7.922 sec.
@I [HLS-100] Command "source /home/teja/Documents/TAIGA/HLS/fifo_dequeue/solution1/.autopilot/db/global.setting.tcl "
@I [HLS-100] Command 'ap_source' returned 0; elapsed 0.000128Total elapsed time: 7.923 sec.
@I [HLS-100] Command "source /home/teja/Documents/TAIGA/HLS/fifo_dequeue/solution1/.autopilot/db/global.setting.tcl "
@I [HLS-100] Command 'ap_source' returned 0; elapsed 0.000136Total elapsed time: 7.924 sec.
@I [HLS-100] Command "source /opt/Xilinx/Vivado_HLS/2014.4/common/technology/generic/autopilot/common.gen "
@I [HLS-100] Command "source /opt/Xilinx/Vivado_HLS/2014.4/common/technology/generic/autopilot/APCoreGen.gen "
@I [HLS-100] Command 'ap_source' returned 0; elapsed 0.000462Total elapsed time: 7.925 sec.
@I [HLS-100] Command 'ap_source' returned 0; elapsed 0.00098Total elapsed time: 7.925 sec.
@I [HLS-100] Command "source /opt/Xilinx/Vivado_HLS/2014.4/common/technology/generic/autopilot/op.gen "
@I [HLS-100] Command 'ap_source' returned 0; elapsed 0.000271Total elapsed time: 7.926 sec.
@I [HLS-100] Command "source /opt/Xilinx/Vivado_HLS/2014.4/common/technology/generic/autopilot/op_simcore.gen "
@I [HLS-100] Command 'ap_source' returned 0; elapsed 0.000723Total elapsed time: 7.927 sec.
@I [HLS-100] Command "source /opt/Xilinx/Vivado_HLS/2014.4/common/technology/generic/autopilot/interface.gen "
@I [HLS-100] Command 'ap_source' returned 0; elapsed 7.6e-05Total elapsed time: 7.927 sec.
@I [HLS-100] Command "source /home/teja/Documents/TAIGA/HLS/fifo_dequeue/solution1/.autopilot/db/global.setting.tcl "
@I [HLS-100] Command 'ap_source' returned 0; elapsed 0.000124Total elapsed time: 7.927 sec.
@I [HLS-100] Command "source /opt/Xilinx/Vivado_HLS/2014.4/common/technology/xilinx/zynq/zynq.gen "
@I [HLS-100] Command "source /opt/Xilinx/Vivado_HLS/2014.4/common/technology/xilinx/common/virtex.gen "
@I [HLS-100] Command "source /opt/Xilinx/Vivado_HLS/2014.4/common/technology/xilinx/common/xilinx.gen "
@I [HLS-100] Command "source /opt/Xilinx/Vivado_HLS/2014.4/common/technology/xilinx/interface/plb46.gen "
@I [HLS-100] Command 'ap_source' returned 0; elapsed 0.000786Total elapsed time: 7.928 sec.
@I [HLS-100] Command "source /opt/Xilinx/Vivado_HLS/2014.4/common/technology/xilinx/interface/fsl.gen "
@I [HLS-100] Command 'ap_source' returned 0; elapsed 0.000396Total elapsed time: 7.928 sec.
@I [HLS-100] Command "source /opt/Xilinx/Vivado_HLS/2014.4/common/technology/xilinx/interface/axi4.gen "
@I [HLS-100] Command 'ap_source' returned 0; elapsed 0.001796Total elapsed time: 7.930 sec.
@I [HLS-100] Command "source /opt/Xilinx/Vivado_HLS/2014.4/common/technology/xilinx/interface/nativeAXI4.gen "
@I [HLS-100] Command "source /opt/Xilinx/Vivado_HLS/2014.4/common/technology/xilinx/interface/saxilite.gen "
@I [HLS-100] Command 'ap_source' returned 0; elapsed 0.002528Total elapsed time: 7.933 sec.
@I [HLS-100] Command "source /opt/Xilinx/Vivado_HLS/2014.4/common/technology/xilinx/interface/maxi.gen "
@I [HLS-100] Command 'ap_source' returned 0; elapsed 0.006017Total elapsed time: 7.939 sec.
@I [HLS-100] Command 'ap_source' returned 0; elapsed 0.008717Total elapsed time: 7.939 sec.
@I [HLS-100] Command "source /opt/Xilinx/Vivado_HLS/2014.4/common/technology/xilinx/scripts/xilinxcoregen.gen "
@I [HLS-100] Command 'ap_source' returned 0; elapsed 0.007213Total elapsed time: 7.946 sec.
@I [HLS-100] Command "source /opt/Xilinx/Vivado_HLS/2014.4/common/technology/xilinx/interface/XilEDKCoreGen.gen "
@I [HLS-100] Command 'ap_source' returned 0; elapsed 0.007227Total elapsed time: 7.954 sec.
@I [HLS-100] Command "source /opt/Xilinx/Vivado_HLS/2014.4/common/technology/xilinx/ip/xfft.gen "
@I [HLS-100] Command 'ap_source' returned 0; elapsed 0.107069Total elapsed time: 8.61 sec.
@I [HLS-100] Command "source /opt/Xilinx/Vivado_HLS/2014.4/common/technology/xilinx/ip/xfir.gen "
@I [HLS-100] Command 'ap_source' returned 0; elapsed 0.023804Total elapsed time: 8.85 sec.
@I [HLS-100] Command "source /opt/Xilinx/Vivado_HLS/2014.4/common/technology/xilinx/ip/util.gen "
@I [HLS-100] Command 'ap_source' returned 0; elapsed 0.000132Total elapsed time: 8.85 sec.
@I [HLS-100] Command 'ap_source' returned 0; elapsed 0.157719Total elapsed time: 8.85 sec.
@I [HLS-100] Command "source /opt/Xilinx/Vivado_HLS/2014.4/common/technology/xilinx/common/dsp48.gen "
@I [HLS-100] Command 'ap_source' returned 0; elapsed 8e-05Total elapsed time: 8.86 sec.
@I [HLS-100] Command 'ap_source' returned 0; elapsed 0.159162Total elapsed time: 8.86 sec.
@I [HLS-100] Command 'ap_source' returned 0; elapsed 0.159288Total elapsed time: 8.86 sec.
@I [HLS-100] Command "source /opt/Xilinx/Vivado_HLS/2014.4/common/technology/xilinx/zynq/zynq_fpv6.gen "
@I [HLS-100] Command "source /opt/Xilinx/Vivado_HLS/2014.4/common/technology/xilinx/common/xilinx_fpv6.gen "
@I [HLS-100] Command 'ap_source' returned 0; elapsed 0.001258Total elapsed time: 8.88 sec.
@I [HLS-100] Command 'ap_source' returned 0; elapsed 0.001374Total elapsed time: 8.88 sec.
@I [HLS-100] Command "source /home/teja/Documents/TAIGA/HLS/fifo_dequeue/solution1/.autopilot/db/global.setting.tcl "
@I [HLS-100] Command 'ap_source' returned 0; elapsed 0.000137Total elapsed time: 8.88 sec.
@I [HLS-100] Command "source /home/teja/Documents/TAIGA/HLS/fifo_dequeue/solution1/.autopilot/db/fifo_dequeue.compgen.tcl "
@I [HLS-100] Command 'ap_source' returned 0; elapsed 0.000137Total elapsed time: 8.88 sec.
@I [HLS-100] Command "source /home/teja/Documents/TAIGA/HLS/fifo_dequeue/solution1/.autopilot/db/global.setting.tcl "
@I [HLS-100] Command 'ap_source' returned 0; elapsed 0.000147Total elapsed time: 8.105 sec.
@I [HLS-100] Command "source /home/teja/Documents/TAIGA/HLS/fifo_dequeue/solution1/.autopilot/db/fifo_dequeue.constraint.tcl "
@I [HLS-100] Command 'ap_source' returned 0; elapsed 0.000114Total elapsed time: 8.105 sec.
@I [HLS-100] Command "source /opt/Xilinx/Vivado_HLS/2014.4/common/technology/generic/autopilot/common.gen "
@I [HLS-100] Command "source /opt/Xilinx/Vivado_HLS/2014.4/common/technology/generic/autopilot/APCoreGen.gen "
@I [HLS-100] Command 'ap_source' returned 0; elapsed 0.000653Total elapsed time: 8.107 sec.
@I [HLS-100] Command 'ap_source' returned 0; elapsed 0.001277Total elapsed time: 8.107 sec.
@I [HLS-100] Command "source /opt/Xilinx/Vivado_HLS/2014.4/common/technology/generic/autopilot/op.gen "
@I [HLS-100] Command 'ap_source' returned 0; elapsed 0.000301Total elapsed time: 8.108 sec.
@I [HLS-100] Command "source /opt/Xilinx/Vivado_HLS/2014.4/common/technology/generic/autopilot/op_simcore.gen "
@I [HLS-100] Command 'ap_source' returned 0; elapsed 0.000758Total elapsed time: 8.108 sec.
@I [HLS-100] Command "source /opt/Xilinx/Vivado_HLS/2014.4/common/technology/generic/autopilot/interface.gen "
@I [HLS-100] Command 'ap_source' returned 0; elapsed 8e-05Total elapsed time: 8.108 sec.
@I [HLS-100] Command "source /home/teja/Documents/TAIGA/HLS/fifo_dequeue/solution1/.autopilot/db/global.setting.tcl "
@I [HLS-100] Command 'ap_source' returned 0; elapsed 0.000131Total elapsed time: 8.109 sec.
@I [HLS-100] Command "source /opt/Xilinx/Vivado_HLS/2014.4/common/technology/xilinx/zynq/zynq.gen "
@I [HLS-100] Command "source /opt/Xilinx/Vivado_HLS/2014.4/common/technology/xilinx/common/virtex.gen "
@I [HLS-100] Command "source /opt/Xilinx/Vivado_HLS/2014.4/common/technology/xilinx/common/xilinx.gen "
@I [HLS-100] Command "source /opt/Xilinx/Vivado_HLS/2014.4/common/technology/xilinx/interface/plb46.gen "
@I [HLS-100] Command 'ap_source' returned 0; elapsed 0.000866Total elapsed time: 8.110 sec.
@I [HLS-100] Command "source /opt/Xilinx/Vivado_HLS/2014.4/common/technology/xilinx/interface/fsl.gen "
@I [HLS-100] Command 'ap_source' returned 0; elapsed 0.000412Total elapsed time: 8.110 sec.
@I [HLS-100] Command "source /opt/Xilinx/Vivado_HLS/2014.4/common/technology/xilinx/interface/axi4.gen "
@I [HLS-100] Command 'ap_source' returned 0; elapsed 0.001862Total elapsed time: 8.112 sec.
@I [HLS-100] Command "source /opt/Xilinx/Vivado_HLS/2014.4/common/technology/xilinx/interface/nativeAXI4.gen "
@I [HLS-100] Command "source /opt/Xilinx/Vivado_HLS/2014.4/common/technology/xilinx/interface/saxilite.gen "
@I [HLS-100] Command 'ap_source' returned 0; elapsed 0.002712Total elapsed time: 8.115 sec.
@I [HLS-100] Command "source /opt/Xilinx/Vivado_HLS/2014.4/common/technology/xilinx/interface/maxi.gen "
@I [HLS-100] Command 'ap_source' returned 0; elapsed 0.00621Total elapsed time: 8.121 sec.
@I [HLS-100] Command 'ap_source' returned 0; elapsed 0.009081Total elapsed time: 8.121 sec.
@I [HLS-100] Command "source /opt/Xilinx/Vivado_HLS/2014.4/common/technology/xilinx/scripts/xilinxcoregen.gen "
@I [HLS-100] Command 'ap_source' returned 0; elapsed 0.007268Total elapsed time: 8.129 sec.
@I [HLS-100] Command "source /opt/Xilinx/Vivado_HLS/2014.4/common/technology/xilinx/interface/XilEDKCoreGen.gen "
@I [HLS-100] Command 'ap_source' returned 0; elapsed 0.007389Total elapsed time: 8.136 sec.
@I [HLS-100] Command "source /opt/Xilinx/Vivado_HLS/2014.4/common/technology/xilinx/ip/xfft.gen "
@I [HLS-100] Command 'ap_source' returned 0; elapsed 0.105619Total elapsed time: 8.242 sec.
@I [HLS-100] Command "source /opt/Xilinx/Vivado_HLS/2014.4/common/technology/xilinx/ip/xfir.gen "
@I [HLS-100] Command 'ap_source' returned 0; elapsed 0.023899Total elapsed time: 8.266 sec.
@I [HLS-100] Command "source /opt/Xilinx/Vivado_HLS/2014.4/common/technology/xilinx/ip/util.gen "
@I [HLS-100] Command 'ap_source' returned 0; elapsed 0.00014Total elapsed time: 8.266 sec.
@I [HLS-100] Command 'ap_source' returned 0; elapsed 0.157144Total elapsed time: 8.266 sec.
@I [HLS-100] Command "source /opt/Xilinx/Vivado_HLS/2014.4/common/technology/xilinx/common/dsp48.gen "
@I [HLS-100] Command 'ap_source' returned 0; elapsed 7.8e-05Total elapsed time: 8.267 sec.
@I [HLS-100] Command 'ap_source' returned 0; elapsed 0.158592Total elapsed time: 8.267 sec.
@I [HLS-100] Command 'ap_source' returned 0; elapsed 0.158699Total elapsed time: 8.267 sec.
@I [HLS-100] Command "source /opt/Xilinx/Vivado_HLS/2014.4/common/technology/xilinx/zynq/zynq_fpv6.gen "
@I [HLS-100] Command "source /opt/Xilinx/Vivado_HLS/2014.4/common/technology/xilinx/common/xilinx_fpv6.gen "
@I [HLS-100] Command 'ap_source' returned 0; elapsed 0.001258Total elapsed time: 8.269 sec.
@I [HLS-100] Command 'ap_source' returned 0; elapsed 0.001365Total elapsed time: 8.269 sec.
@I [HLS-100] Command "source /home/teja/Documents/TAIGA/HLS/fifo_dequeue/solution1/.autopilot/db/global.setting.tcl "
@I [HLS-100] Command 'ap_source' returned 0; elapsed 0.00019Total elapsed time: 8.274 sec.
@I [HLS-100] Command "source /home/teja/Documents/TAIGA/HLS/fifo_dequeue/solution1/.autopilot/db/global.setting.tcl "
@I [HLS-100] Command 'ap_source' returned 0; elapsed 0.00018Total elapsed time: 15.269 sec.
@I [HLS-100] Command "source /opt/Xilinx/Vivado_HLS/2014.4/common/technology/generic/autopilot/common.gen "
@I [HLS-100] Command "source /opt/Xilinx/Vivado_HLS/2014.4/common/technology/generic/autopilot/APCoreGen.gen "
@I [HLS-100] Command 'ap_source' returned 0; elapsed 0.000536Total elapsed time: 15.273 sec.
@I [HLS-100] Command 'ap_source' returned 0; elapsed 0.001123Total elapsed time: 15.273 sec.
@I [HLS-100] Command "source /opt/Xilinx/Vivado_HLS/2014.4/common/technology/generic/autopilot/op.gen "
@I [HLS-100] Command 'ap_source' returned 0; elapsed 0.000308Total elapsed time: 15.274 sec.
@I [HLS-100] Command "source /opt/Xilinx/Vivado_HLS/2014.4/common/technology/generic/autopilot/op_simcore.gen "
@I [HLS-100] Command 'ap_source' returned 0; elapsed 0.000816Total elapsed time: 15.275 sec.
@I [HLS-100] Command "source /opt/Xilinx/Vivado_HLS/2014.4/common/technology/generic/autopilot/interface.gen "
@I [HLS-100] Command 'ap_source' returned 0; elapsed 8.3e-05Total elapsed time: 15.275 sec.
@I [HLS-100] Command "source /home/teja/Documents/TAIGA/HLS/fifo_dequeue/solution1/.autopilot/db/global.setting.tcl "
@I [HLS-100] Command 'ap_source' returned 0; elapsed 0.000135Total elapsed time: 15.275 sec.
@I [HLS-100] Command "source /opt/Xilinx/Vivado_HLS/2014.4/common/technology/xilinx/zynq/zynq.gen "
@I [HLS-100] Command "source /opt/Xilinx/Vivado_HLS/2014.4/common/technology/xilinx/common/virtex.gen "
@I [HLS-100] Command "source /opt/Xilinx/Vivado_HLS/2014.4/common/technology/xilinx/common/xilinx.gen "
@I [HLS-100] Command "source /opt/Xilinx/Vivado_HLS/2014.4/common/technology/xilinx/interface/plb46.gen "
@I [HLS-100] Command 'ap_source' returned 0; elapsed 0.000914Total elapsed time: 15.276 sec.
@I [HLS-100] Command "source /opt/Xilinx/Vivado_HLS/2014.4/common/technology/xilinx/interface/fsl.gen "
@I [HLS-100] Command 'ap_source' returned 0; elapsed 0.000419Total elapsed time: 15.277 sec.
@I [HLS-100] Command "source /opt/Xilinx/Vivado_HLS/2014.4/common/technology/xilinx/interface/axi4.gen "
@I [HLS-100] Command 'ap_source' returned 0; elapsed 0.001982Total elapsed time: 15.279 sec.
@I [HLS-100] Command "source /opt/Xilinx/Vivado_HLS/2014.4/common/technology/xilinx/interface/nativeAXI4.gen "
@I [HLS-100] Command "source /opt/Xilinx/Vivado_HLS/2014.4/common/technology/xilinx/interface/saxilite.gen "
@I [HLS-100] Command 'ap_source' returned 0; elapsed 0.002722Total elapsed time: 15.282 sec.
@I [HLS-100] Command "source /opt/Xilinx/Vivado_HLS/2014.4/common/technology/xilinx/interface/maxi.gen "
@I [HLS-100] Command 'ap_source' returned 0; elapsed 0.005941Total elapsed time: 15.288 sec.
@I [HLS-100] Command 'ap_source' returned 0; elapsed 0.008819Total elapsed time: 15.288 sec.
@I [HLS-100] Command "source /opt/Xilinx/Vivado_HLS/2014.4/common/technology/xilinx/scripts/xilinxcoregen.gen "
@I [HLS-100] Command 'ap_source' returned 0; elapsed 0.008045Total elapsed time: 15.296 sec.
@I [HLS-100] Command "source /opt/Xilinx/Vivado_HLS/2014.4/common/technology/xilinx/interface/XilEDKCoreGen.gen "
@I [HLS-100] Command 'ap_source' returned 0; elapsed 0.007599Total elapsed time: 15.304 sec.
@I [HLS-100] Command "source /opt/Xilinx/Vivado_HLS/2014.4/common/technology/xilinx/ip/xfft.gen "
@I [HLS-100] Command 'ap_source' returned 0; elapsed 0.102355Total elapsed time: 15.406 sec.
@I [HLS-100] Command "source /opt/Xilinx/Vivado_HLS/2014.4/common/technology/xilinx/ip/xfir.gen "
@I [HLS-100] Command 'ap_source' returned 0; elapsed 0.022949Total elapsed time: 15.429 sec.
@I [HLS-100] Command "source /opt/Xilinx/Vivado_HLS/2014.4/common/technology/xilinx/ip/util.gen "
@I [HLS-100] Command 'ap_source' returned 0; elapsed 0.000145Total elapsed time: 15.429 sec.
@I [HLS-100] Command 'ap_source' returned 0; elapsed 0.153846Total elapsed time: 15.429 sec.
@I [HLS-100] Command "source /opt/Xilinx/Vivado_HLS/2014.4/common/technology/xilinx/common/dsp48.gen "
@I [HLS-100] Command 'ap_source' returned 0; elapsed 8e-05Total elapsed time: 15.430 sec.
@I [HLS-100] Command 'ap_source' returned 0; elapsed 0.155285Total elapsed time: 15.431 sec.
@I [HLS-100] Command 'ap_source' returned 0; elapsed 0.155389Total elapsed time: 15.431 sec.
@I [HLS-100] Command "source /opt/Xilinx/Vivado_HLS/2014.4/common/technology/xilinx/zynq/zynq_fpv6.gen "
@I [HLS-100] Command "source /opt/Xilinx/Vivado_HLS/2014.4/common/technology/xilinx/common/xilinx_fpv6.gen "
@I [HLS-100] Command 'ap_source' returned 0; elapsed 0.001236Total elapsed time: 15.432 sec.
@I [HLS-100] Command 'ap_source' returned 0; elapsed 0.001337Total elapsed time: 15.432 sec.
@I [HLS-100] Command "source /home/teja/Documents/TAIGA/HLS/fifo_dequeue/solution1/.autopilot/db/global.setting.tcl "
@I [HLS-100] Command 'ap_source' returned 0; elapsed 0.000156Total elapsed time: 15.432 sec.
@I [HLS-100] Command "source /home/teja/Documents/TAIGA/HLS/fifo_dequeue/solution1/.autopilot/db/global.setting.tcl "
@I [HLS-100] Command 'ap_source' returned 0; elapsed 0.00013Total elapsed time: 15.433 sec.
@I [HLS-100] Command "source /home/teja/Documents/TAIGA/HLS/fifo_dequeue/solution1/.autopilot/db/global.setting.tcl "
@I [HLS-100] Command 'ap_source' returned 0; elapsed 0.000136Total elapsed time: 15.435 sec.
@I [HLS-100] Command "source /opt/Xilinx/Vivado_HLS/2014.4/common/technology/generic/autopilot/common.gen "
@I [HLS-100] Command "source /opt/Xilinx/Vivado_HLS/2014.4/common/technology/generic/autopilot/APCoreGen.gen "
@I [HLS-100] Command 'ap_source' returned 0; elapsed 0.000468Total elapsed time: 15.435 sec.
@I [HLS-100] Command 'ap_source' returned 0; elapsed 0.00095Total elapsed time: 15.436 sec.
@I [HLS-100] Command "source /opt/Xilinx/Vivado_HLS/2014.4/common/technology/generic/autopilot/op.gen "
@I [HLS-100] Command 'ap_source' returned 0; elapsed 0.00027Total elapsed time: 15.436 sec.
@I [HLS-100] Command "source /opt/Xilinx/Vivado_HLS/2014.4/common/technology/generic/autopilot/op_simcore.gen "
@I [HLS-100] Command 'ap_source' returned 0; elapsed 0.000717Total elapsed time: 15.437 sec.
@I [HLS-100] Command "source /opt/Xilinx/Vivado_HLS/2014.4/common/technology/generic/autopilot/interface.gen "
@I [HLS-100] Command 'ap_source' returned 0; elapsed 7.6e-05Total elapsed time: 15.437 sec.
@I [HLS-100] Command "source /home/teja/Documents/TAIGA/HLS/fifo_dequeue/solution1/.autopilot/db/global.setting.tcl "
@I [HLS-100] Command 'ap_source' returned 0; elapsed 0.000137Total elapsed time: 15.437 sec.
@I [HLS-100] Command "source /opt/Xilinx/Vivado_HLS/2014.4/common/technology/xilinx/zynq/zynq.gen "
@I [HLS-100] Command "source /opt/Xilinx/Vivado_HLS/2014.4/common/technology/xilinx/common/virtex.gen "
@I [HLS-100] Command "source /opt/Xilinx/Vivado_HLS/2014.4/common/technology/xilinx/common/xilinx.gen "
@I [HLS-100] Command "source /opt/Xilinx/Vivado_HLS/2014.4/common/technology/xilinx/interface/plb46.gen "
@I [HLS-100] Command 'ap_source' returned 0; elapsed 0.000792Total elapsed time: 15.438 sec.
@I [HLS-100] Command "source /opt/Xilinx/Vivado_HLS/2014.4/common/technology/xilinx/interface/fsl.gen "
@I [HLS-100] Command 'ap_source' returned 0; elapsed 0.000388Total elapsed time: 15.439 sec.
@I [HLS-100] Command "source /opt/Xilinx/Vivado_HLS/2014.4/common/technology/xilinx/interface/axi4.gen "
@I [HLS-100] Command 'ap_source' returned 0; elapsed 0.001783Total elapsed time: 15.441 sec.
@I [HLS-100] Command "source /opt/Xilinx/Vivado_HLS/2014.4/common/technology/xilinx/interface/nativeAXI4.gen "
@I [HLS-100] Command "source /opt/Xilinx/Vivado_HLS/2014.4/common/technology/xilinx/interface/saxilite.gen "
@I [HLS-100] Command 'ap_source' returned 0; elapsed 0.002547Total elapsed time: 15.443 sec.
@I [HLS-100] Command "source /opt/Xilinx/Vivado_HLS/2014.4/common/technology/xilinx/interface/maxi.gen "
@I [HLS-100] Command 'ap_source' returned 0; elapsed 0.005765Total elapsed time: 15.449 sec.
@I [HLS-100] Command 'ap_source' returned 0; elapsed 0.008464Total elapsed time: 15.449 sec.
@I [HLS-100] Command "source /opt/Xilinx/Vivado_HLS/2014.4/common/technology/xilinx/scripts/xilinxcoregen.gen "
@I [HLS-100] Command 'ap_source' returned 0; elapsed 0.0072Total elapsed time: 15.456 sec.
@I [HLS-100] Command "source /opt/Xilinx/Vivado_HLS/2014.4/common/technology/xilinx/interface/XilEDKCoreGen.gen "
@I [HLS-100] Command 'ap_source' returned 0; elapsed 0.007349Total elapsed time: 15.464 sec.
@I [HLS-100] Command "source /opt/Xilinx/Vivado_HLS/2014.4/common/technology/xilinx/ip/xfft.gen "
@I [HLS-100] Command 'ap_source' returned 0; elapsed 0.1046Total elapsed time: 15.569 sec.
@I [HLS-100] Command "source /opt/Xilinx/Vivado_HLS/2014.4/common/technology/xilinx/ip/xfir.gen "
@I [HLS-100] Command 'ap_source' returned 0; elapsed 0.023642Total elapsed time: 15.592 sec.
@I [HLS-100] Command "source /opt/Xilinx/Vivado_HLS/2014.4/common/technology/xilinx/ip/util.gen "
@I [HLS-100] Command 'ap_source' returned 0; elapsed 0.000143Total elapsed time: 15.593 sec.
@I [HLS-100] Command 'ap_source' returned 0; elapsed 0.154972Total elapsed time: 15.593 sec.
@I [HLS-100] Command "source /opt/Xilinx/Vivado_HLS/2014.4/common/technology/xilinx/common/dsp48.gen "
@I [HLS-100] Command 'ap_source' returned 0; elapsed 8.1e-05Total elapsed time: 15.594 sec.
@I [HLS-100] Command 'ap_source' returned 0; elapsed 0.15644Total elapsed time: 15.594 sec.
@I [HLS-100] Command 'ap_source' returned 0; elapsed 0.156545Total elapsed time: 15.594 sec.
@I [HLS-100] Command "source /opt/Xilinx/Vivado_HLS/2014.4/common/technology/xilinx/zynq/zynq_fpv6.gen "
@I [HLS-100] Command "source /opt/Xilinx/Vivado_HLS/2014.4/common/technology/xilinx/common/xilinx_fpv6.gen "
@I [HLS-100] Command 'ap_source' returned 0; elapsed 0.001259Total elapsed time: 15.595 sec.
@I [HLS-100] Command 'ap_source' returned 0; elapsed 0.001365Total elapsed time: 15.595 sec.
@I [HLS-100] Command "source /home/teja/Documents/TAIGA/HLS/fifo_dequeue/solution1/.autopilot/db/global.setting.tcl "
@I [HLS-100] Command 'ap_source' returned 0; elapsed 0.000138Total elapsed time: 15.596 sec.
@I [HLS-100] Command "source /home/teja/Documents/TAIGA/HLS/fifo_dequeue/solution1/.autopilot/db/fifo_dequeue.compgen.tcl "
@I [HLS-100] Command 'ap_source' returned 0; elapsed 0.000139Total elapsed time: 15.596 sec.
@I [HLS-100] Command "source /home/teja/Documents/TAIGA/HLS/fifo_dequeue/solution1/.autopilot/db/global.setting.tcl "
@I [HLS-100] Command 'ap_source' returned 0; elapsed 0.000172Total elapsed time: 15.612 sec.
@I [HLS-100] Command "source /home/teja/Documents/TAIGA/HLS/fifo_dequeue/solution1/.autopilot/db/fifo_dequeue.constraint.tcl "
@I [HLS-100] Command 'ap_source' returned 0; elapsed 6.1e-05Total elapsed time: 15.612 sec.
@I [HLS-100] Command "source /opt/Xilinx/Vivado_HLS/2014.4/common/technology/generic/autopilot/common.gen "
@I [HLS-100] Command "source /opt/Xilinx/Vivado_HLS/2014.4/common/technology/generic/autopilot/APCoreGen.gen "
@I [HLS-100] Command 'ap_source' returned 0; elapsed 0.000511Total elapsed time: 15.614 sec.
@I [HLS-100] Command 'ap_source' returned 0; elapsed 0.001053Total elapsed time: 15.614 sec.
@I [HLS-100] Command "source /opt/Xilinx/Vivado_HLS/2014.4/common/technology/generic/autopilot/op.gen "
@I [HLS-100] Command 'ap_source' returned 0; elapsed 0.000297Total elapsed time: 15.614 sec.
@I [HLS-100] Command "source /opt/Xilinx/Vivado_HLS/2014.4/common/technology/generic/autopilot/op_simcore.gen "
@I [HLS-100] Command 'ap_source' returned 0; elapsed 0.000772Total elapsed time: 15.615 sec.
@I [HLS-100] Command "source /opt/Xilinx/Vivado_HLS/2014.4/common/technology/generic/autopilot/interface.gen "
@I [HLS-100] Command 'ap_source' returned 0; elapsed 8.5e-05Total elapsed time: 15.615 sec.
@I [HLS-100] Command "source /home/teja/Documents/TAIGA/HLS/fifo_dequeue/solution1/.autopilot/db/global.setting.tcl "
@I [HLS-100] Command 'ap_source' returned 0; elapsed 0.000149Total elapsed time: 15.616 sec.
@I [HLS-100] Command "source /opt/Xilinx/Vivado_HLS/2014.4/common/technology/xilinx/zynq/zynq.gen "
@I [HLS-100] Command "source /opt/Xilinx/Vivado_HLS/2014.4/common/technology/xilinx/common/virtex.gen "
@I [HLS-100] Command "source /opt/Xilinx/Vivado_HLS/2014.4/common/technology/xilinx/common/xilinx.gen "
@I [HLS-100] Command "source /opt/Xilinx/Vivado_HLS/2014.4/common/technology/xilinx/interface/plb46.gen "
@I [HLS-100] Command 'ap_source' returned 0; elapsed 0.000888Total elapsed time: 15.617 sec.
@I [HLS-100] Command "source /opt/Xilinx/Vivado_HLS/2014.4/common/technology/xilinx/interface/fsl.gen "
@I [HLS-100] Command 'ap_source' returned 0; elapsed 0.000427Total elapsed time: 15.617 sec.
@I [HLS-100] Command "source /opt/Xilinx/Vivado_HLS/2014.4/common/technology/xilinx/interface/axi4.gen "
@I [HLS-100] Command 'ap_source' returned 0; elapsed 0.001943Total elapsed time: 15.619 sec.
@I [HLS-100] Command "source /opt/Xilinx/Vivado_HLS/2014.4/common/technology/xilinx/interface/nativeAXI4.gen "
@I [HLS-100] Command "source /opt/Xilinx/Vivado_HLS/2014.4/common/technology/xilinx/interface/saxilite.gen "
@I [HLS-100] Command 'ap_source' returned 0; elapsed 0.002812Total elapsed time: 15.622 sec.
@I [HLS-100] Command "source /opt/Xilinx/Vivado_HLS/2014.4/common/technology/xilinx/interface/maxi.gen "
@I [HLS-100] Command 'ap_source' returned 0; elapsed 0.005936Total elapsed time: 15.628 sec.
@I [HLS-100] Command 'ap_source' returned 0; elapsed 0.008954Total elapsed time: 15.628 sec.
@I [HLS-100] Command "source /opt/Xilinx/Vivado_HLS/2014.4/common/technology/xilinx/scripts/xilinxcoregen.gen "
@I [HLS-100] Command 'ap_source' returned 0; elapsed 0.007514Total elapsed time: 15.636 sec.
@I [HLS-100] Command "source /opt/Xilinx/Vivado_HLS/2014.4/common/technology/xilinx/interface/XilEDKCoreGen.gen "
@I [HLS-100] Command 'ap_source' returned 0; elapsed 0.007758Total elapsed time: 15.644 sec.
@I [HLS-100] Command "source /opt/Xilinx/Vivado_HLS/2014.4/common/technology/xilinx/ip/xfft.gen "
@I [HLS-100] Command 'ap_source' returned 0; elapsed 0.106215Total elapsed time: 15.750 sec.
@I [HLS-100] Command "source /opt/Xilinx/Vivado_HLS/2014.4/common/technology/xilinx/ip/xfir.gen "
@I [HLS-100] Command 'ap_source' returned 0; elapsed 0.024887Total elapsed time: 15.775 sec.
@I [HLS-100] Command "source /opt/Xilinx/Vivado_HLS/2014.4/common/technology/xilinx/ip/util.gen "
@I [HLS-100] Command 'ap_source' returned 0; elapsed 0.000157Total elapsed time: 15.776 sec.
@I [HLS-100] Command 'ap_source' returned 0; elapsed 0.159466Total elapsed time: 15.776 sec.
@I [HLS-100] Command "source /opt/Xilinx/Vivado_HLS/2014.4/common/technology/xilinx/common/dsp48.gen "
@I [HLS-100] Command 'ap_source' returned 0; elapsed 8.8e-05Total elapsed time: 15.777 sec.
@I [HLS-100] Command 'ap_source' returned 0; elapsed 0.160973Total elapsed time: 15.777 sec.
@I [HLS-100] Command 'ap_source' returned 0; elapsed 0.16108Total elapsed time: 15.777 sec.
@I [HLS-100] Command "source /opt/Xilinx/Vivado_HLS/2014.4/common/technology/xilinx/zynq/zynq_fpv6.gen "
@I [HLS-100] Command "source /opt/Xilinx/Vivado_HLS/2014.4/common/technology/xilinx/common/xilinx_fpv6.gen "
@I [HLS-100] Command 'ap_source' returned 0; elapsed 0.001304Total elapsed time: 15.778 sec.
@I [HLS-100] Command 'ap_source' returned 0; elapsed 0.00142Total elapsed time: 15.778 sec.
@I [HLS-100] Command "source /home/teja/Documents/TAIGA/HLS/fifo_dequeue/solution1/.autopilot/db/global.setting.tcl "
@I [HLS-100] Command 'ap_source' returned 0; elapsed 0.000208Total elapsed time: 15.783 sec.
@I [HLS-100] Command 'export_design' returned 0; elapsed 1.64577Total elapsed time: 22.760 sec.
@I [HLS-100] Command "cleanup_all "
@I [HLS-100] Command 'cleanup_all' returned 0; elapsed 0.000357Total elapsed time: 22.761 sec.
