

================================================================
== Vivado HLS Report for 'fifo_dequeue'
================================================================
* Date:           Sun Mar 29 20:46:45 2015

* Version:        2014.4 (Build 1071461 on Tue Nov 18 16:42:57 PM 2014)
* Project:        fifo_dequeue
* Solution:       solution1
* Product family: zynq
* Target device:  xc7z010clg400-1


================================================================
== Performance Estimates
================================================================
+ Timing (ns): 
    * Summary: 
    +---------+-------+----------+------------+
    |  Clock  | Target| Estimated| Uncertainty|
    +---------+-------+----------+------------+
    |default  |  10.00|      0.00|        1.25|
    +---------+-------+----------+------------+

+ Latency (clock cycles): 
    * Summary: 
    +-----+-----+-----+-----+---------+
    |  Latency  |  Interval | Pipeline|
    | min | max | min | max |   Type  |
    +-----+-----+-----+-----+---------+
    |    ?|    ?|    ?|    ?|   none  |
    +-----+-----+-----+-----+---------+

    + Detail: 
        * Instance: 
        N/A

        * Loop: 
        +----------+-----+-----+----------+-----------+-----------+------+----------+
        |          |  Latency  | Iteration|  Initiation Interval  | Trip |          |
        | Loop Name| min | max |  Latency |  achieved |   target  | Count| Pipelined|
        +----------+-----+-----+----------+-----------+-----------+------+----------+
        |- Loop 1  |    ?|    ?|         1|          -|          -|     ?|    no    |
        +----------+-----+-----+----------+-----------+-----------+------+----------+



================================================================
== Utilization Estimates
================================================================
* Summary: 
+-----------------+---------+-------+-------+-------+
|       Name      | BRAM_18K| DSP48E|   FF  |  LUT  |
+-----------------+---------+-------+-------+-------+
|Expression       |        -|      -|      -|      -|
|FIFO             |        -|      -|      -|      -|
|Instance         |        -|      -|      -|      -|
|Memory           |        -|      -|      -|      -|
|Multiplexer      |        -|      -|      -|      -|
|Register         |        -|      -|      -|      -|
+-----------------+---------+-------+-------+-------+
|Total            |        0|      0|      0|      0|
+-----------------+---------+-------+-------+-------+
|Available        |      120|     80|  35200|  17600|
+-----------------+---------+-------+-------+-------+
|Utilization (%)  |        0|      0|      0|      0|
+-----------------+---------+-------+-------+-------+

+ Detail: 
    * Instance: 
    N/A

    * Memory: 
    N/A

    * FIFO: 
    N/A

    * Expression: 
    N/A

    * Multiplexer: 
    N/A

    * Register: 
    N/A



================================================================
== Interface
================================================================
* Summary: 
N/A

============================================================
+ Verbose Summary: Synthesis Manager
============================================================
InlineROM: 1
ExposeGlobal: 0
============================================================
+ Verbose Summary: CDFG Model
============================================================
IsTopModel: 1
ResetActiveHigh: 1
IsCombinational: 0
IsDatapathOnly: 0
HasWiredReturn: 1
HasMFsm: 0
HasVarLatency: 1
IsPipeline: 0
IsRtlPipelined: 0
IsInstanceOverlapped: 0
IsDontTouch: 0
HasImplIP: 0
IsGatedGlobalClock: 0


============================================================
+ Verbose Summary: Schedule
============================================================
* Number of FSM states: 2
* Pipeline: 0
* Dataflow Pipeline: 0

* FSM state transitions: 
1 --> 
	2  / true
2 --> 
	2  / (!fifo_recv_valid_read)
* FSM state operations: 

 <State 1>: 0.00ns
ST_1: stg_3 [1/1] 0.00ns
:0  call void (...)* @_ssdm_op_SpecBitsMap(i32* %fifo_data) nounwind, !map !0

ST_1: stg_4 [1/1] 0.00ns
:1  call void (...)* @_ssdm_op_SpecBitsMap(i1* %fifo_recv_enable) nounwind, !map !6

ST_1: stg_5 [1/1] 0.00ns
:2  call void (...)* @_ssdm_op_SpecBitsMap(i1* %fifo_recv_valid) nounwind, !map !10

ST_1: stg_6 [1/1] 0.00ns
:3  call void (...)* @_ssdm_op_SpecBitsMap(i32 0) nounwind, !map !14

ST_1: stg_7 [1/1] 0.00ns
:4  call void (...)* @_ssdm_op_SpecTopModule([13 x i8]* @str) nounwind

ST_1: stg_8 [1/1] 0.00ns
:5  call void (...)* @_ssdm_op_SpecInterface(i32* %fifo_data, [8 x i8]* @p_str, i32 0, i32 0, i32 0, i32 0, [1 x i8]* @p_str1, [1 x i8]* @p_str1, [1 x i8]* @p_str1) nounwind

ST_1: stg_9 [1/1] 0.00ns
:6  call void (...)* @_ssdm_op_SpecInterface(i1* %fifo_recv_enable, [8 x i8]* @p_str, i32 0, i32 0, i32 0, i32 0, [1 x i8]* @p_str1, [1 x i8]* @p_str1, [1 x i8]* @p_str1) nounwind

ST_1: stg_10 [1/1] 0.00ns
:7  call void (...)* @_ssdm_op_SpecInterface(i1* %fifo_recv_valid, [8 x i8]* @p_str, i32 0, i32 0, i32 0, i32 0, [1 x i8]* @p_str1, [1 x i8]* @p_str1, [1 x i8]* @p_str1) nounwind

ST_1: stg_11 [1/1] 0.00ns
:8  call void (...)* @_ssdm_op_SpecInterface(i32 0, [11 x i8]* @p_str2, i32 0, i32 0, i32 0, i32 0, [1 x i8]* @p_str1, [1 x i8]* @p_str1, [1 x i8]* @p_str1) nounwind

ST_1: stg_12 [1/1] 0.00ns
:9  call void (...)* @_ssdm_op_SpecIFCore(i32 0, [1 x i8]* @p_str1, [10 x i8]* @p_str3, [1 x i8]* @p_str1, i32 -1, [1 x i8]* @p_str1, [1 x i8]* @p_str1, [21 x i8]* @p_str4) nounwind

ST_1: stg_13 [1/1] 0.00ns
:10  call void @_ssdm_op_Write.ap_none.volatile.i1P(i1* %fifo_recv_enable, i1 true) nounwind

ST_1: stg_14 [1/1] 0.00ns
:11  br label %._crit_edge


 <State 2>: 0.00ns
ST_2: fifo_recv_valid_read [1/1] 0.00ns
._crit_edge:0  %fifo_recv_valid_read = call i1 @_ssdm_op_Read.ap_none.volatile.i1P(i1* %fifo_recv_valid) nounwind

ST_2: stg_16 [1/1] 0.00ns
._crit_edge:1  br i1 %fifo_recv_valid_read, label %1, label %._crit_edge

ST_2: stg_17 [1/1] 0.00ns
:0  call void @_ssdm_op_Write.ap_none.volatile.i1P(i1* %fifo_recv_enable, i1 false) nounwind

ST_2: fifo_data_read [1/1] 0.00ns
:1  %fifo_data_read = call i32 @_ssdm_op_Read.ap_none.volatile.i32P(i32* %fifo_data) nounwind

ST_2: stg_19 [1/1] 0.00ns
:2  ret i32 %fifo_data_read



============================================================
+ Verbose Summary: Binding
============================================================
STG Binding: 
---------------- STG Properties BEGIN ----------------
- Is combinational: 0
- Is one-state seq: 0
- Is datapath-only: 0
- Is clock enabled: 0
- Is pipelined: 0
- Is top level: 1
Port [ Return ] is wired: 1; IO mode=ap_ctrl_hs:ce=0
Port [ fifo_data]:  wired=1; compound=0; hidden=0; nouse=0; global=0; static=0; extern=0; dir=0; type=0; mode=0x3a0e780; pingpong=0; private_global=0; IO mode=ap_none:ce=0
Port [ fifo_recv_enable]:  wired=1; compound=0; hidden=0; nouse=0; global=0; static=0; extern=0; dir=1; type=0; mode=0x39fab80; pingpong=0; private_global=0; IO mode=ap_none:ce=0
Port [ fifo_recv_valid]:  wired=1; compound=0; hidden=0; nouse=0; global=0; static=0; extern=0; dir=0; type=0; mode=0x3bbfec0; pingpong=0; private_global=0; IO mode=ap_none:ce=0
---------------- STG Properties END ------------------

---------------- Datapath Model BEGIN ----------------

<LifeTime>
<method=bitvector/>
stg_3                (specbitsmap  ) [ 000]
stg_4                (specbitsmap  ) [ 000]
stg_5                (specbitsmap  ) [ 000]
stg_6                (specbitsmap  ) [ 000]
stg_7                (spectopmodule) [ 000]
stg_8                (specinterface) [ 000]
stg_9                (specinterface) [ 000]
stg_10               (specinterface) [ 000]
stg_11               (specinterface) [ 000]
stg_12               (specifcore   ) [ 000]
stg_13               (write        ) [ 000]
stg_14               (br           ) [ 000]
fifo_recv_valid_read (read         ) [ 001]
stg_16               (br           ) [ 000]
stg_17               (write        ) [ 000]
fifo_data_read       (read         ) [ 000]
stg_19               (ret          ) [ 000]
</LifeTime>

<model>

<comp_list>
<comp id="0" class="1000" name="fifo_data">
<pin_list>
<pin id="1" dir="1" index="0" bw="1" slack="0"/>
</pin_list>
<bind>
<StgValue><ssdm name="fifo_data"/></StgValue>
</bind>
</comp>

<comp id="2" class="1000" name="fifo_recv_enable">
<pin_list>
<pin id="3" dir="1" index="0" bw="1" slack="0"/>
</pin_list>
<bind>
<StgValue><ssdm name="fifo_recv_enable"/></StgValue>
</bind>
</comp>

<comp id="4" class="1000" name="fifo_recv_valid">
<pin_list>
<pin id="5" dir="1" index="0" bw="1" slack="0"/>
</pin_list>
<bind>
<StgValue><ssdm name="fifo_recv_valid"/></StgValue>
</bind>
</comp>

<comp id="6" class="1001" name="const_6">
<pin_list>
<pin id="7" dir="1" index="0" bw="1" slack="2147483647"/>
</pin_list>
<bind>
<StgValue><ssdm name="_ssdm_op_SpecBitsMap"/></StgValue>
</bind>
</comp>

<comp id="8" class="1001" name="const_8">
<pin_list>
<pin id="9" dir="1" index="0" bw="1" slack="2147483647"/>
</pin_list>
<bind>
<StgValue><ssdm name=""/></StgValue>
</bind>
</comp>

<comp id="10" class="1001" name="const_10">
<pin_list>
<pin id="11" dir="1" index="0" bw="1" slack="2147483647"/>
</pin_list>
<bind>
<StgValue><ssdm name="_ssdm_op_SpecTopModule"/></StgValue>
</bind>
</comp>

<comp id="12" class="1001" name="const_12">
<pin_list>
<pin id="13" dir="1" index="0" bw="1" slack="2147483647"/>
</pin_list>
<bind>
<StgValue><ssdm name="str"/></StgValue>
</bind>
</comp>

<comp id="14" class="1001" name="const_14">
<pin_list>
<pin id="15" dir="1" index="0" bw="1" slack="2147483647"/>
</pin_list>
<bind>
<StgValue><ssdm name="_ssdm_op_SpecInterface"/></StgValue>
</bind>
</comp>

<comp id="16" class="1001" name="const_16">
<pin_list>
<pin id="17" dir="1" index="0" bw="1" slack="2147483647"/>
</pin_list>
<bind>
<StgValue><ssdm name="p_str"/></StgValue>
</bind>
</comp>

<comp id="18" class="1001" name="const_18">
<pin_list>
<pin id="19" dir="1" index="0" bw="1" slack="2147483647"/>
</pin_list>
<bind>
<StgValue><ssdm name="p_str1"/></StgValue>
</bind>
</comp>

<comp id="20" class="1001" name="const_20">
<pin_list>
<pin id="21" dir="1" index="0" bw="1" slack="2147483647"/>
</pin_list>
<bind>
<StgValue><ssdm name="p_str2"/></StgValue>
</bind>
</comp>

<comp id="22" class="1001" name="const_22">
<pin_list>
<pin id="23" dir="1" index="0" bw="1" slack="2147483647"/>
</pin_list>
<bind>
<StgValue><ssdm name="_ssdm_op_SpecIFCore"/></StgValue>
</bind>
</comp>

<comp id="24" class="1001" name="const_24">
<pin_list>
<pin id="25" dir="1" index="0" bw="1" slack="2147483647"/>
</pin_list>
<bind>
<StgValue><ssdm name="p_str3"/></StgValue>
</bind>
</comp>

<comp id="26" class="1001" name="const_26">
<pin_list>
<pin id="27" dir="1" index="0" bw="1" slack="2147483647"/>
</pin_list>
<bind>
<StgValue><ssdm name=""/></StgValue>
</bind>
</comp>

<comp id="28" class="1001" name="const_28">
<pin_list>
<pin id="29" dir="1" index="0" bw="1" slack="2147483647"/>
</pin_list>
<bind>
<StgValue><ssdm name="p_str4"/></StgValue>
</bind>
</comp>

<comp id="30" class="1001" name="const_30">
<pin_list>
<pin id="31" dir="1" index="0" bw="1" slack="0"/>
</pin_list>
<bind>
<StgValue><ssdm name="_ssdm_op_Write.ap_none.volatile.i1P"/></StgValue>
</bind>
</comp>

<comp id="32" class="1001" name="const_32">
<pin_list>
<pin id="33" dir="1" index="0" bw="1" slack="0"/>
</pin_list>
<bind>
<StgValue><ssdm name=""/></StgValue>
</bind>
</comp>

<comp id="34" class="1001" name="const_34">
<pin_list>
<pin id="35" dir="1" index="0" bw="1" slack="0"/>
</pin_list>
<bind>
<StgValue><ssdm name="_ssdm_op_Read.ap_none.volatile.i1P"/></StgValue>
</bind>
</comp>

<comp id="36" class="1001" name="const_36">
<pin_list>
<pin id="37" dir="1" index="0" bw="1" slack="0"/>
</pin_list>
<bind>
<StgValue><ssdm name=""/></StgValue>
</bind>
</comp>

<comp id="38" class="1001" name="const_38">
<pin_list>
<pin id="39" dir="1" index="0" bw="1" slack="0"/>
</pin_list>
<bind>
<StgValue><ssdm name="_ssdm_op_Read.ap_none.volatile.i32P"/></StgValue>
</bind>
</comp>

<comp id="40" class="1004" name="grp_write_fu_40">
<pin_list>
<pin id="41" dir="0" index="0" bw="0" slack="0"/>
<pin id="42" dir="0" index="1" bw="1" slack="0"/>
<pin id="43" dir="0" index="2" bw="1" slack="0"/>
<pin id="44" dir="1" index="3" bw="0" slack="2147483647"/>
</pin_list>
<bind>
<opcode="write(1151) " fcode="write"/>
<opset="stg_13/1 stg_17/2 "/>
</bind>
</comp>

<comp id="48" class="1004" name="fifo_recv_valid_read_read_fu_48">
<pin_list>
<pin id="49" dir="0" index="0" bw="1" slack="0"/>
<pin id="50" dir="0" index="1" bw="1" slack="0"/>
<pin id="51" dir="1" index="2" bw="1" slack="2147483647"/>
</pin_list>
<bind>
<opcode="read(1150) " fcode="read"/>
<opset="fifo_recv_valid_read/2 "/>
</bind>
</comp>

<comp id="55" class="1004" name="fifo_data_read_read_fu_55">
<pin_list>
<pin id="56" dir="0" index="0" bw="32" slack="0"/>
<pin id="57" dir="0" index="1" bw="32" slack="0"/>
<pin id="58" dir="1" index="2" bw="32" slack="2147483647"/>
</pin_list>
<bind>
<opcode="read(1150) " fcode="read"/>
<opset="fifo_data_read/2 "/>
</bind>
</comp>

</comp_list>

<net_list>
<net id="45"><net_src comp="30" pin="0"/><net_sink comp="40" pin=0"/></net>

<net id="46"><net_src comp="2" pin="0"/><net_sink comp="40" pin=1"/></net>

<net id="47"><net_src comp="32" pin="0"/><net_sink comp="40" pin=2"/></net>

<net id="52"><net_src comp="34" pin="0"/><net_sink comp="48" pin=0"/></net>

<net id="53"><net_src comp="4" pin="0"/><net_sink comp="48" pin=1"/></net>

<net id="54"><net_src comp="36" pin="0"/><net_sink comp="40" pin=2"/></net>

<net id="59"><net_src comp="38" pin="0"/><net_sink comp="55" pin=0"/></net>

<net id="60"><net_src comp="0" pin="0"/><net_sink comp="55" pin=1"/></net>

</net_list>

</model> 
---------------- Datapath Model END ------------------

* FSMD analyzer results:
  - Output states:
	Port: fifo_recv_enable | {1 2 }
  - Chain level:
	State 1
	State 2


============================================================
+ Verbose Summary: Datapath Resource usage 
============================================================

* Functional unit list:
|----------|---------------------------------|
| Operation|         Functional Unit         |
|----------|---------------------------------|
|   write  |         grp_write_fu_40         |
|----------|---------------------------------|
|   read   | fifo_recv_valid_read_read_fu_48 |
|          |    fifo_data_read_read_fu_55    |
|----------|---------------------------------|
|   Total  |                                 |
|----------|---------------------------------|

Memories:
N/A

* Register list:
N/A

* Multiplexer (MUX) list: 
|-----------------|------|------|------|--------||---------|
|       Comp      |  Pin | Size |  BW  | S x BW ||  Delay  |
|-----------------|------|------|------|--------||---------|
| grp_write_fu_40 |  p2  |   2  |   1  |    2   |
|-----------------|------|------|------|--------||---------|
|      Total      |      |      |      |    2   ||  1.571  |
|-----------------|------|------|------|--------||---------|



* Summary:
+-----------+--------+
|           |  Delay |
+-----------+--------+
|  Function |    -   |
|   Memory  |    -   |
|Multiplexer|    1   |
|  Register |    -   |
+-----------+--------+
|   Total   |    1   |
+-----------+--------+
