#-----------------------------------------------------------
# Webtalk v2015.1 (64-bit)
# SW Build 1215546 on Mon Apr 27 19:19:00 MDT 2015
# 
# Start of session at: Fri Jun  5 18:34:47 2015
# Process ID: 4297
# Log file: /home/controls/TAIGA/Pendulum/Pendulum.sdk/webtalk/webtalk.log
# Journal file: /home/controls/TAIGA/Pendulum/Pendulum.sdk/webtalk/webtalk.jou
#-----------------------------------------------------------
source sdk_webtalk.tcl
# webtalk_init -webtalk_dir /home/controls/TAIGA/Pendulum/Pendulum.sdk/webtalk
# webtalk_register_client -client project
# webtalk_add_data -client project -key date_generated -value "Fri Jun 5 18:34:47 2015" -context "software_version_and_target_device"
# webtalk_add_data -client project -key product_version -value "SDK v2015.1" -context "software_version_and_target_device"
# webtalk_add_data -client project -key build_version -value "2015.1" -context "software_version_and_target_device"
# webtalk_add_data -client project -key os_platform -value "amd64" -context "software_version_and_target_device"
# webtalk_add_data -client project -key registration_id -value "174141122_174141123_210588270_824" -context "software_version_and_target_device"
# webtalk_add_data -client project -key tool_flow -value "SDK" -context "software_version_and_target_device"
# webtalk_add_data -client project -key beta -value "false" -context "software_version_and_target_device"
# webtalk_add_data -client project -key route_design -value "NA" -context "software_version_and_target_device"
# webtalk_add_data -client project -key target_family -value "NA" -context "software_version_and_target_device"
# webtalk_add_data -client project -key target_device -value "NA" -context "software_version_and_target_device"
# webtalk_add_data -client project -key target_package -value "NA" -context "software_version_and_target_device"
# webtalk_add_data -client project -key target_speed -value "NA" -context "software_version_and_target_device"
# webtalk_add_data -client project -key random_id -value "blu6storgaba9mnm4bmqiull5e" -context "software_version_and_target_device"
# webtalk_add_data -client project -key project_id -value "2015.1_25" -context "software_version_and_target_device"
# webtalk_add_data -client project -key project_iteration -value "25" -context "software_version_and_target_device"
# webtalk_add_data -client project -key os_name -value "Ubuntu" -context "user_environment"
# webtalk_add_data -client project -key os_release -value "Ubuntu 14.04.2 LTS" -context "user_environment"
# webtalk_add_data -client project -key cpu_name -value "Intel(R) Core(TM) i7 CPU         920  @ 2.67GHz" -context "user_environment"
# webtalk_add_data -client project -key cpu_speed -value "1600.000 MHz" -context "user_environment"
# webtalk_add_data -client project -key total_processors -value "1" -context "user_environment"
# webtalk_add_data -client project -key system_ram -value "12.000 GB" -context "user_environment"
# webtalk_register_client -client sdk
# webtalk_add_data -client sdk -key uid -value "1433543093000" -context "sdk\\\\hardware/1433543093000"
# webtalk_add_data -client sdk -key isZynq -value "true" -context "sdk\\\\hardware/1433543093000"
# webtalk_add_data -client sdk -key Processors -value "4" -context "sdk\\\\hardware/1433543093000"
# webtalk_add_data -client sdk -key VivadoVersion -value "2015.1" -context "sdk\\\\hardware/1433543093000"
# webtalk_add_data -client sdk -key Arch -value "zynq" -context "sdk\\\\hardware/1433543093000"
# webtalk_add_data -client sdk -key Device -value "7z010" -context "sdk\\\\hardware/1433543093000"
# webtalk_add_data -client sdk -key IsHandoff -value "true" -context "sdk\\\\hardware/1433543093000"
# webtalk_add_data -client sdk -key uid -value "1433543132000" -context "sdk\\\\bsp/1433543132000"
# webtalk_add_data -client sdk -key hwid -value "1433543093000" -context "sdk\\\\bsp/1433543132000"
# webtalk_add_data -client sdk -key os -value "freertos_zynq" -context "sdk\\\\bsp/1433543132000"
# webtalk_add_data -client sdk -key apptemplate -value "null" -context "sdk\\\\bsp/1433543132000"
# webtalk_add_data -client sdk -key uid -value "1433543334000" -context "sdk\\\\bsp/1433543334000"
# webtalk_add_data -client sdk -key hwid -value "1433543093000" -context "sdk\\\\bsp/1433543334000"
# webtalk_add_data -client sdk -key os -value "standalone" -context "sdk\\\\bsp/1433543334000"
# webtalk_add_data -client sdk -key apptemplate -value "null" -context "sdk\\\\bsp/1433543334000"
# webtalk_transmit -clientid 3894831787 -regid "174141122_174141123_210588270_824" -xml /home/controls/TAIGA/Pendulum/Pendulum.sdk/webtalk/usage_statistics_ext_sdk.xml -html /home/controls/TAIGA/Pendulum/Pendulum.sdk/webtalk/usage_statistics_ext_sdk.html -wdm /home/controls/TAIGA/Pendulum/Pendulum.sdk/webtalk/sdk_webtalk.wdm -intro "<H3>SDK Usage Report</H3><BR>"
INFO: [Common 17-186] '/home/controls/TAIGA/Pendulum/Pendulum.sdk/webtalk/usage_statistics_ext_sdk.xml' has been successfully sent to Xilinx on Fri Jun  5 18:34:49 2015. For additional details about this file, please refer to the WebTalk help file at /opt/Xilinx/SDK/2015.1/doc/webtalk_introduction.html.
# webtalk_terminate
INFO: [Common 17-206] Exiting Webtalk at Fri Jun  5 18:34:49 2015...
