17:25:59 **** Build of project app__bsp ****
make -k all 
Running Make include in IO_intermediary/libsrc/bram_v4_0/src
make -C IO_intermediary/libsrc/bram_v4_0/src -s include  "SHELL=/bin/sh" "COMPILER=mb-gcc" "ARCHIVER=mb-ar" "COMPILER_FLAGS= -O2 -c -mcpu=v9.5 -mhard-float -mlittle-endian -mno-xl-soft-div -mno-xl-soft-mul -mxl-barrel-shift -mxl-float-convert -mxl-float-sqrt -mxl-pattern-compare" "EXTRA_COMPILER_FLAGS=-g"
Running Make include in IO_intermediary/libsrc/cpu_v2_3/src
make -C IO_intermediary/libsrc/cpu_v2_3/src -s include  "SHELL=/bin/sh" "COMPILER=mb-gcc" "ARCHIVER=mb-ar" "COMPILER_FLAGS= -O2 -c -mcpu=v9.5 -mhard-float -mlittle-endian -mno-xl-soft-div -mno-xl-soft-mul -mxl-barrel-shift -mxl-float-convert -mxl-float-sqrt -mxl-pattern-compare" "EXTRA_COMPILER_FLAGS=-g"
Running Make include in IO_intermediary/libsrc/gpio_v4_0/src
make -C IO_intermediary/libsrc/gpio_v4_0/src -s include  "SHELL=/bin/sh" "COMPILER=mb-gcc" "ARCHIVER=mb-ar" "COMPILER_FLAGS= -O2 -c -mcpu=v9.5 -mhard-float -mlittle-endian -mno-xl-soft-div -mno-xl-soft-mul -mxl-barrel-shift -mxl-float-convert -mxl-float-sqrt -mxl-pattern-compare" "EXTRA_COMPILER_FLAGS=-g"
Running Make include in IO_intermediary/libsrc/intc_v3_3/src
make -C IO_intermediary/libsrc/intc_v3_3/src -s include  "SHELL=/bin/sh" "COMPILER=mb-gcc" "ARCHIVER=mb-ar" "COMPILER_FLAGS= -O2 -c -mcpu=v9.5 -mhard-float -mlittle-endian -mno-xl-soft-div -mno-xl-soft-mul -mxl-barrel-shift -mxl-float-convert -mxl-float-sqrt -mxl-pattern-compare" "EXTRA_COMPILER_FLAGS=-g"
Running Make include in IO_intermediary/libsrc/llfifo_v4_0/src
make -C IO_intermediary/libsrc/llfifo_v4_0/src -s include  "SHELL=/bin/sh" "COMPILER=mb-gcc" "ARCHIVER=mb-ar" "COMPILER_FLAGS= -O2 -c -mcpu=v9.5 -mhard-float -mlittle-endian -mno-xl-soft-div -mno-xl-soft-mul -mxl-barrel-shift -mxl-float-convert -mxl-float-sqrt -mxl-pattern-compare" "EXTRA_COMPILER_FLAGS=-g"
Running Make include in IO_intermediary/libsrc/spi_v4_1/src
make -C IO_intermediary/libsrc/spi_v4_1/src -s include  "SHELL=/bin/sh" "COMPILER=mb-gcc" "ARCHIVER=mb-ar" "COMPILER_FLAGS= -O2 -c -mcpu=v9.5 -mhard-float -mlittle-endian -mno-xl-soft-div -mno-xl-soft-mul -mxl-barrel-shift -mxl-float-convert -mxl-float-sqrt -mxl-pattern-compare" "EXTRA_COMPILER_FLAGS=-g"
Running Make include in IO_intermediary/libsrc/standalone_v5_0/src
make -C IO_intermediary/libsrc/standalone_v5_0/src -s include  "SHELL=/bin/sh" "COMPILER=mb-gcc" "ARCHIVER=mb-ar" "COMPILER_FLAGS= -O2 -c -mcpu=v9.5 -mhard-float -mlittle-endian -mno-xl-soft-div -mno-xl-soft-mul -mxl-barrel-shift -mxl-float-convert -mxl-float-sqrt -mxl-pattern-compare" "EXTRA_COMPILER_FLAGS=-g"
Running Make include in IO_intermediary/libsrc/uartlite_v3_0/src
make -C IO_intermediary/libsrc/uartlite_v3_0/src -s include  "SHELL=/bin/sh" "COMPILER=mb-gcc" "ARCHIVER=mb-ar" "COMPILER_FLAGS= -O2 -c -mcpu=v9.5 -mhard-float -mlittle-endian -mno-xl-soft-div -mno-xl-soft-mul -mxl-barrel-shift -mxl-float-convert -mxl-float-sqrt -mxl-pattern-compare" "EXTRA_COMPILER_FLAGS=-g"
Running Make include in IO_intermediary/libsrc/wdttb_v3_0/src
make -C IO_intermediary/libsrc/wdttb_v3_0/src -s include  "SHELL=/bin/sh" "COMPILER=mb-gcc" "ARCHIVER=mb-ar" "COMPILER_FLAGS= -O2 -c -mcpu=v9.5 -mhard-float -mlittle-endian -mno-xl-soft-div -mno-xl-soft-mul -mxl-barrel-shift -mxl-float-convert -mxl-float-sqrt -mxl-pattern-compare" "EXTRA_COMPILER_FLAGS=-g"
Running Make libs in IO_intermediary/libsrc/bram_v4_0/src
make -C IO_intermediary/libsrc/bram_v4_0/src -s libs  "SHELL=/bin/sh" "COMPILER=mb-gcc" "ARCHIVER=mb-ar" "COMPILER_FLAGS= -O2 -c -mcpu=v9.5 -mhard-float -mlittle-endian -mno-xl-soft-div -mno-xl-soft-mul -mxl-barrel-shift -mxl-float-convert -mxl-float-sqrt -mxl-pattern-compare" "EXTRA_COMPILER_FLAGS=-g"
Compiling bram
mb-ar: creating ../../../lib/libxil.a
Running Make libs in IO_intermediary/libsrc/cpu_v2_3/src
make -C IO_intermediary/libsrc/cpu_v2_3/src -s libs  "SHELL=/bin/sh" "COMPILER=mb-gcc" "ARCHIVER=mb-ar" "COMPILER_FLAGS= -O2 -c -mcpu=v9.5 -mhard-float -mlittle-endian -mno-xl-soft-div -mno-xl-soft-mul -mxl-barrel-shift -mxl-float-convert -mxl-float-sqrt -mxl-pattern-compare" "EXTRA_COMPILER_FLAGS=-g"
Compiling cpu
Running Make libs in IO_intermediary/libsrc/gpio_v4_0/src
make -C IO_intermediary/libsrc/gpio_v4_0/src -s libs  "SHELL=/bin/sh" "COMPILER=mb-gcc" "ARCHIVER=mb-ar" "COMPILER_FLAGS= -O2 -c -mcpu=v9.5 -mhard-float -mlittle-endian -mno-xl-soft-div -mno-xl-soft-mul -mxl-barrel-shift -mxl-float-convert -mxl-float-sqrt -mxl-pattern-compare" "EXTRA_COMPILER_FLAGS=-g"
Compiling gpio
Running Make libs in IO_intermediary/libsrc/intc_v3_3/src
make -C IO_intermediary/libsrc/intc_v3_3/src -s libs  "SHELL=/bin/sh" "COMPILER=mb-gcc" "ARCHIVER=mb-ar" "COMPILER_FLAGS= -O2 -c -mcpu=v9.5 -mhard-float -mlittle-endian -mno-xl-soft-div -mno-xl-soft-mul -mxl-barrel-shift -mxl-float-convert -mxl-float-sqrt -mxl-pattern-compare" "EXTRA_COMPILER_FLAGS=-g"
Compiling intc
Running Make libs in IO_intermediary/libsrc/llfifo_v4_0/src
make -C IO_intermediary/libsrc/llfifo_v4_0/src -s libs  "SHELL=/bin/sh" "COMPILER=mb-gcc" "ARCHIVER=mb-ar" "COMPILER_FLAGS= -O2 -c -mcpu=v9.5 -mhard-float -mlittle-endian -mno-xl-soft-div -mno-xl-soft-mul -mxl-barrel-shift -mxl-float-convert -mxl-float-sqrt -mxl-pattern-compare" "EXTRA_COMPILER_FLAGS=-g"
Compiling llfifo
Running Make libs in IO_intermediary/libsrc/spi_v4_1/src
make -C IO_intermediary/libsrc/spi_v4_1/src -s libs  "SHELL=/bin/sh" "COMPILER=mb-gcc" "ARCHIVER=mb-ar" "COMPILER_FLAGS= -O2 -c -mcpu=v9.5 -mhard-float -mlittle-endian -mno-xl-soft-div -mno-xl-soft-mul -mxl-barrel-shift -mxl-float-convert -mxl-float-sqrt -mxl-pattern-compare" "EXTRA_COMPILER_FLAGS=-g"
Compiling spi
Running Make libs in IO_intermediary/libsrc/standalone_v5_0/src
make -C IO_intermediary/libsrc/standalone_v5_0/src -s libs  "SHELL=/bin/sh" "COMPILER=mb-gcc" "ARCHIVER=mb-ar" "COMPILER_FLAGS= -O2 -c -mcpu=v9.5 -mhard-float -mlittle-endian -mno-xl-soft-div -mno-xl-soft-mul -mxl-barrel-shift -mxl-float-convert -mxl-float-sqrt -mxl-pattern-compare" "EXTRA_COMPILER_FLAGS=-g"
Compiling standalone
Running Make libs in IO_intermediary/libsrc/uartlite_v3_0/src
make -C IO_intermediary/libsrc/uartlite_v3_0/src -s libs  "SHELL=/bin/sh" "COMPILER=mb-gcc" "ARCHIVER=mb-ar" "COMPILER_FLAGS= -O2 -c -mcpu=v9.5 -mhard-float -mlittle-endian -mno-xl-soft-div -mno-xl-soft-mul -mxl-barrel-shift -mxl-float-convert -mxl-float-sqrt -mxl-pattern-compare" "EXTRA_COMPILER_FLAGS=-g"
Compiling uartlite
Running Make libs in IO_intermediary/libsrc/wdttb_v3_0/src
make -C IO_intermediary/libsrc/wdttb_v3_0/src -s libs  "SHELL=/bin/sh" "COMPILER=mb-gcc" "ARCHIVER=mb-ar" "COMPILER_FLAGS= -O2 -c -mcpu=v9.5 -mhard-float -mlittle-endian -mno-xl-soft-div -mno-xl-soft-mul -mxl-barrel-shift -mxl-float-convert -mxl-float-sqrt -mxl-pattern-compare" "EXTRA_COMPILER_FLAGS=-g"
Compiling wdttb
Finished building libraries

17:26:02 Build Finished (took 2s.522ms)

